<?xml version="1.0" encoding="UTF-8"?>
<testsuite name="ch.uzh.ifi.hase.soprafs24.controller.FriendControllerTest" tests="7" skipped="0" failures="0" errors="0" timestamp="2025-04-21T20:52:06" hostname="Daria-XPS" time="0.266">
  <properties/>
  <testcase name="getAllFriendRequests_ShouldReturnOnlyOutgoingRequests()" classname="ch.uzh.ifi.hase.soprafs24.controller.FriendControllerTest" time="0.166"/>
  <testcase name="listFriends_ShouldReturnListOfFriends()" classname="ch.uzh.ifi.hase.soprafs24.controller.FriendControllerTest" time="0.011"/>
  <testcase name="getFriendRequests_ShouldReturnIncomingFriendRequests()" classname="ch.uzh.ifi.hase.soprafs24.controller.FriendControllerTest" time="0.007"/>
  <testcase name="unfriend_ShouldUnfriendUserAndReturnNoContent()" classname="ch.uzh.ifi.hase.soprafs24.controller.FriendControllerTest" time="0.01"/>
  <testcase name="cancelFriendRequest_ShouldCancelRequestAndReturnNoContent()" classname="ch.uzh.ifi.hase.soprafs24.controller.FriendControllerTest" time="0.006"/>
  <testcase name="sendFriendRequest_ShouldSendFriendRequestAndReturnCreated()" classname="ch.uzh.ifi.hase.soprafs24.controller.FriendControllerTest" time="0.045"/>
  <testcase name="respondToFriendRequest_ShouldRespondToFriendRequestAndReturnOk()" classname="ch.uzh.ifi.hase.soprafs24.controller.FriendControllerTest" time="0.007"/>
  <system-out><![CDATA[22:52:04.824 [Test worker] DEBUG org.springframework.test.context.BootstrapUtils - Instantiating CacheAwareContextLoaderDelegate from class [org.springframework.test.context.cache.DefaultCacheAwareContextLoaderDelegate]
22:52:04.836 [Test worker] DEBUG org.springframework.test.context.BootstrapUtils - Instantiating BootstrapContext using constructor [public org.springframework.test.context.support.DefaultBootstrapContext(java.lang.Class,org.springframework.test.context.CacheAwareContextLoaderDelegate)]
22:52:04.887 [Test worker] DEBUG org.springframework.test.context.BootstrapUtils - Instantiating TestContextBootstrapper for test class [ch.uzh.ifi.hase.soprafs24.controller.FriendControllerTest] from class [org.springframework.boot.test.autoconfigure.web.servlet.WebMvcTestContextBootstrapper]
22:52:04.898 [Test worker] INFO org.springframework.boot.test.autoconfigure.web.servlet.WebMvcTestContextBootstrapper - Neither @ContextConfiguration nor @ContextHierarchy found for test class [ch.uzh.ifi.hase.soprafs24.controller.FriendControllerTest], using SpringBootContextLoader
22:52:04.902 [Test worker] DEBUG org.springframework.test.context.support.AbstractContextLoader - Did not detect default resource location for test class [ch.uzh.ifi.hase.soprafs24.controller.FriendControllerTest]: class path resource [ch/uzh/ifi/hase/soprafs24/controller/FriendControllerTest-context.xml] does not exist
22:52:04.902 [Test worker] DEBUG org.springframework.test.context.support.AbstractContextLoader - Did not detect default resource location for test class [ch.uzh.ifi.hase.soprafs24.controller.FriendControllerTest]: class path resource [ch/uzh/ifi/hase/soprafs24/controller/FriendControllerTestContext.groovy] does not exist
22:52:04.903 [Test worker] INFO org.springframework.test.context.support.AbstractContextLoader - Could not detect default resource locations for test class [ch.uzh.ifi.hase.soprafs24.controller.FriendControllerTest]: no resource found for suffixes {-context.xml, Context.groovy}.
22:52:04.904 [Test worker] INFO org.springframework.test.context.support.AnnotationConfigContextLoaderUtils - Could not detect default configuration classes for test class [ch.uzh.ifi.hase.soprafs24.controller.FriendControllerTest]: FriendControllerTest does not declare any static, non-private, non-final, nested classes annotated with @Configuration.
22:52:04.983 [Test worker] DEBUG org.springframework.test.context.support.ActiveProfilesUtils - Could not find an 'annotation declaring class' for annotation type [org.springframework.test.context.ActiveProfiles] and class [ch.uzh.ifi.hase.soprafs24.controller.FriendControllerTest]
22:52:05.052 [Test worker] DEBUG org.springframework.context.annotation.ClassPathScanningCandidateComponentProvider - Identified candidate component class: file [/home/dariast/SoPra/sopra-fs25-group-15-server/build/classes/java/main/ch/uzh/ifi/hase/soprafs24/Application.class]
22:52:05.053 [Test worker] INFO org.springframework.boot.test.context.SpringBootTestContextBootstrapper - Found @SpringBootConfiguration ch.uzh.ifi.hase.soprafs24.Application for test class ch.uzh.ifi.hase.soprafs24.controller.FriendControllerTest
22:52:05.055 [Test worker] DEBUG org.springframework.boot.test.autoconfigure.web.servlet.WebMvcTestContextBootstrapper - @TestExecutionListeners is not present for class [ch.uzh.ifi.hase.soprafs24.controller.FriendControllerTest]: using defaults.
22:52:05.056 [Test worker] INFO org.springframework.boot.test.autoconfigure.web.servlet.WebMvcTestContextBootstrapper - Loaded default TestExecutionListener class names from location [META-INF/spring.factories]: [org.springframework.boot.test.autoconfigure.restdocs.RestDocsTestExecutionListener, org.springframework.boot.test.autoconfigure.web.client.MockRestServiceServerResetTestExecutionListener, org.springframework.boot.test.autoconfigure.web.servlet.MockMvcPrintOnlyOnFailureTestExecutionListener, org.springframework.boot.test.autoconfigure.web.servlet.WebDriverTestExecutionListener, org.springframework.boot.test.autoconfigure.webservices.client.MockWebServiceServerTestExecutionListener, org.springframework.boot.test.mock.mockito.MockitoTestExecutionListener, org.springframework.boot.test.mock.mockito.ResetMocksTestExecutionListener, org.springframework.test.context.web.ServletTestExecutionListener, org.springframework.test.context.support.DirtiesContextBeforeModesTestExecutionListener, org.springframework.test.context.event.ApplicationEventsTestExecutionListener, org.springframework.test.context.support.DependencyInjectionTestExecutionListener, org.springframework.test.context.support.DirtiesContextTestExecutionListener, org.springframework.test.context.transaction.TransactionalTestExecutionListener, org.springframework.test.context.jdbc.SqlScriptsTestExecutionListener, org.springframework.test.context.event.EventPublishingTestExecutionListener]
22:52:05.073 [Test worker] INFO org.springframework.boot.test.autoconfigure.web.servlet.WebMvcTestContextBootstrapper - Using TestExecutionListeners: [org.springframework.test.context.web.ServletTestExecutionListener@12365bd8, org.springframework.test.context.support.DirtiesContextBeforeModesTestExecutionListener@14874a5d, org.springframework.test.context.event.ApplicationEventsTestExecutionListener@49cb5030, org.springframework.boot.test.mock.mockito.MockitoTestExecutionListener@23c7cb18, org.springframework.boot.test.autoconfigure.SpringBootDependencyInjectionTestExecutionListener@30fbc23, org.springframework.test.context.support.DirtiesContextTestExecutionListener@2d74cbbd, org.springframework.test.context.transaction.TransactionalTestExecutionListener@3e2d44f3, org.springframework.test.context.jdbc.SqlScriptsTestExecutionListener@23afc725, org.springframework.test.context.event.EventPublishingTestExecutionListener@5d3f99d7, org.springframework.boot.test.autoconfigure.restdocs.RestDocsTestExecutionListener@561d88ee, org.springframework.boot.test.autoconfigure.web.client.MockRestServiceServerResetTestExecutionListener@2c34402, org.springframework.boot.test.autoconfigure.web.servlet.MockMvcPrintOnlyOnFailureTestExecutionListener@5f883d90, org.springframework.boot.test.autoconfigure.web.servlet.WebDriverTestExecutionListener@7e58f697, org.springframework.boot.test.autoconfigure.webservices.client.MockWebServiceServerTestExecutionListener@44384b4a, org.springframework.boot.test.mock.mockito.ResetMocksTestExecutionListener@5cc3e49b]
22:52:05.076 [Test worker] DEBUG org.springframework.test.context.support.AbstractDirtiesContextTestExecutionListener - Before test class: context [DefaultTestContext@6136e1fc testClass = FriendControllerTest, testInstance = [null], testMethod = [null], testException = [null], mergedContextConfiguration = [WebMergedContextConfiguration@1736c1e4 testClass = FriendControllerTest, locations = '{}', classes = '{class ch.uzh.ifi.hase.soprafs24.Application}', contextInitializerClasses = '[]', activeProfiles = '{}', propertySourceLocations = '{}', propertySourceProperties = '{org.springframework.boot.test.autoconfigure.web.servlet.WebMvcTestContextBootstrapper=true}', contextCustomizers = set[org.springframework.boot.test.autoconfigure.OverrideAutoConfigurationContextCustomizerFactory$DisableAutoConfigurationContextCustomizer@67f946c3, org.springframework.boot.test.autoconfigure.actuate.metrics.MetricsExportContextCustomizerFactory$DisableMetricExportContextCustomizer@4f664bee, org.springframework.boot.test.autoconfigure.filter.TypeExcludeFiltersContextCustomizer@4027e9f7, org.springframework.boot.test.autoconfigure.properties.PropertyMappingContextCustomizer@e63d072b, org.springframework.boot.test.autoconfigure.web.servlet.WebDriverContextCustomizerFactory$Customizer@37e7c4cc, [ImportsContextCustomizer@32dcfeea key = [org.springframework.boot.autoconfigure.cache.CacheAutoConfiguration, org.springframework.boot.autoconfigure.context.MessageSourceAutoConfiguration, org.springframework.boot.autoconfigure.data.web.SpringDataWebAutoConfiguration, org.springframework.boot.autoconfigure.freemarker.FreeMarkerAutoConfiguration, org.springframework.boot.autoconfigure.groovy.template.GroovyTemplateAutoConfiguration, org.springframework.boot.autoconfigure.gson.GsonAutoConfiguration, org.springframework.boot.autoconfigure.hateoas.HypermediaAutoConfiguration, org.springframework.boot.autoconfigure.http.HttpMessageConvertersAutoConfiguration, org.springframework.boot.autoconfigure.jackson.JacksonAutoConfiguration, org.springframework.boot.autoconfigure.jsonb.JsonbAutoConfiguration, org.springframework.boot.autoconfigure.mustache.MustacheAutoConfiguration, org.springframework.boot.autoconfigure.task.TaskExecutionAutoConfiguration, org.springframework.boot.autoconfigure.thymeleaf.ThymeleafAutoConfiguration, org.springframework.boot.autoconfigure.validation.ValidationAutoConfiguration, org.springframework.boot.autoconfigure.web.servlet.error.ErrorMvcAutoConfiguration, org.springframework.boot.autoconfigure.web.servlet.HttpEncodingAutoConfiguration, org.springframework.boot.autoconfigure.web.servlet.WebMvcAutoConfiguration, org.springframework.boot.test.autoconfigure.web.servlet.MockMvcAutoConfiguration, org.springframework.boot.test.autoconfigure.web.servlet.MockMvcWebClientAutoConfiguration, org.springframework.boot.test.autoconfigure.web.servlet.MockMvcWebDriverAutoConfiguration, org.springframework.boot.autoconfigure.security.oauth2.client.servlet.OAuth2ClientAutoConfiguration, org.springframework.boot.autoconfigure.security.oauth2.resource.servlet.OAuth2ResourceServerAutoConfiguration, org.springframework.boot.autoconfigure.security.servlet.SecurityAutoConfiguration, org.springframework.boot.autoconfigure.security.servlet.SecurityFilterAutoConfiguration, org.springframework.boot.autoconfigure.security.servlet.UserDetailsServiceAutoConfiguration, org.springframework.boot.test.autoconfigure.web.servlet.MockMvcSecurityConfiguration]], org.springframework.boot.test.context.filter.ExcludeFilterContextCustomizer@30508066, org.springframework.boot.test.json.DuplicateJsonObjectContextCustomizerFactory$DuplicateJsonObjectContextCustomizer@1bee0085, org.springframework.boot.test.mock.mockito.MockitoContextCustomizer@8247358e, org.springframework.boot.test.context.SpringBootTestArgs@1, org.springframework.boot.test.context.SpringBootTestWebEnvironment@0], resourceBasePath = 'src/main/webapp', contextLoader = 'org.springframework.boot.test.context.SpringBootContextLoader', parent = [null]], attributes = map[[empty]]], class annotated with @DirtiesContext [false] with mode [null].
22:52:05.122 [Test worker] DEBUG org.springframework.test.context.support.TestPropertySourceUtils - Adding inlined properties to environment: {spring.jmx.enabled=false, org.springframework.boot.test.autoconfigure.web.servlet.WebMvcTestContextBootstrapper=true}

  .   ____          _            __ _ _
 /\\ / ___'_ __ _ _(_)_ __  __ _ \ \ \ \
( ( )\___ | '_ | '_| | '_ \/ _` | \ \ \ \
 \\/  ___)| |_)| | | | | || (_| |  ) ) ) )
  '  |____| .__|_| |_|_| |_\__, | / / / /
 =========|_|==============|___/=/_/_/_/
 :: Spring Boot ::               (v2.4.13)

2025-04-21 22:52:05.471  INFO 1191424 --- [    Test worker] c.u.i.h.s.c.FriendControllerTest         : Starting FriendControllerTest using Java 17.0.13 on Daria-XPS with PID 1191424 (started by dariast in /home/dariast/SoPra/sopra-fs25-group-15-server)
2025-04-21 22:52:05.476  INFO 1191424 --- [    Test worker] c.u.i.h.s.c.FriendControllerTest         : No active profile set, falling back to default profiles: default
2025-04-21 22:52:06.755  INFO 1191424 --- [    Test worker] o.s.b.t.m.w.SpringBootMockServletContext : Initializing Spring TestDispatcherServlet ''
2025-04-21 22:52:06.755  INFO 1191424 --- [    Test worker] o.s.t.web.servlet.TestDispatcherServlet  : Initializing Servlet ''
2025-04-21 22:52:06.757  INFO 1191424 --- [    Test worker] o.s.t.web.servlet.TestDispatcherServlet  : Completed initialization in 1 ms
2025-04-21 22:52:06.790  INFO 1191424 --- [    Test worker] c.u.i.h.s.c.FriendControllerTest         : Started FriendControllerTest in 1.661 seconds (JVM running for 3.595)
]]></system-out>
  <system-err><![CDATA[]]></system-err>
</testsuite>
