<?xml version="1.0" encoding="UTF-8"?>
<testsuite name="ch.uzh.ifi.hase.soprafs24.repository.LobbyRepositoryIntegrationTest" tests="2" skipped="0" failures="0" errors="0" timestamp="2025-04-21T20:52:10" hostname="Daria-XPS" time="0.053">
  <properties/>
  <testcase name="findByLobbyCode_noMatchingLobby_returnsNull()" classname="ch.uzh.ifi.hase.soprafs24.repository.LobbyRepositoryIntegrationTest" time="0.012"/>
  <testcase name="saveLobby_findByLobbyCode_returnsCorrectLobby()" classname="ch.uzh.ifi.hase.soprafs24.repository.LobbyRepositoryIntegrationTest" time="0.04"/>
  <system-out><![CDATA[2025-04-21 22:52:10.374  INFO 1191424 --- [    Test worker] b.t.a.o.j.DataJpaTestContextBootstrapper : Neither @ContextConfiguration nor @ContextHierarchy found for test class [ch.uzh.ifi.hase.soprafs24.repository.LobbyRepositoryIntegrationTest], using SpringBootContextLoader
2025-04-21 22:52:10.374  INFO 1191424 --- [    Test worker] o.s.t.c.support.AbstractContextLoader    : Could not detect default resource locations for test class [ch.uzh.ifi.hase.soprafs24.repository.LobbyRepositoryIntegrationTest]: no resource found for suffixes {-context.xml, Context.groovy}.
2025-04-21 22:52:10.374  INFO 1191424 --- [    Test worker] t.c.s.AnnotationConfigContextLoaderUtils : Could not detect default configuration classes for test class [ch.uzh.ifi.hase.soprafs24.repository.LobbyRepositoryIntegrationTest]: LobbyRepositoryIntegrationTest does not declare any static, non-private, non-final, nested classes annotated with @Configuration.
2025-04-21 22:52:10.377  INFO 1191424 --- [    Test worker] .b.t.c.SpringBootTestContextBootstrapper : Found @SpringBootConfiguration ch.uzh.ifi.hase.soprafs24.Application for test class ch.uzh.ifi.hase.soprafs24.repository.LobbyRepositoryIntegrationTest
2025-04-21 22:52:10.378  INFO 1191424 --- [    Test worker] b.t.a.o.j.DataJpaTestContextBootstrapper : Loaded default TestExecutionListener class names from location [META-INF/spring.factories]: [org.springframework.boot.test.autoconfigure.restdocs.RestDocsTestExecutionListener, org.springframework.boot.test.autoconfigure.web.client.MockRestServiceServerResetTestExecutionListener, org.springframework.boot.test.autoconfigure.web.servlet.MockMvcPrintOnlyOnFailureTestExecutionListener, org.springframework.boot.test.autoconfigure.web.servlet.WebDriverTestExecutionListener, org.springframework.boot.test.autoconfigure.webservices.client.MockWebServiceServerTestExecutionListener, org.springframework.boot.test.mock.mockito.MockitoTestExecutionListener, org.springframework.boot.test.mock.mockito.ResetMocksTestExecutionListener, org.springframework.test.context.web.ServletTestExecutionListener, org.springframework.test.context.support.DirtiesContextBeforeModesTestExecutionListener, org.springframework.test.context.event.ApplicationEventsTestExecutionListener, org.springframework.test.context.support.DependencyInjectionTestExecutionListener, org.springframework.test.context.support.DirtiesContextTestExecutionListener, org.springframework.test.context.transaction.TransactionalTestExecutionListener, org.springframework.test.context.jdbc.SqlScriptsTestExecutionListener, org.springframework.test.context.event.EventPublishingTestExecutionListener]
2025-04-21 22:52:10.378  INFO 1191424 --- [    Test worker] b.t.a.o.j.DataJpaTestContextBootstrapper : Using TestExecutionListeners: [org.springframework.test.context.web.ServletTestExecutionListener@75f3b79e, org.springframework.test.context.support.DirtiesContextBeforeModesTestExecutionListener@744cca04, org.springframework.test.context.event.ApplicationEventsTestExecutionListener@325b2e79, org.springframework.boot.test.mock.mockito.MockitoTestExecutionListener@588a0e45, org.springframework.boot.test.autoconfigure.SpringBootDependencyInjectionTestExecutionListener@30ad1d8d, org.springframework.test.context.support.DirtiesContextTestExecutionListener@2223fd76, org.springframework.test.context.transaction.TransactionalTestExecutionListener@496037ad, org.springframework.test.context.jdbc.SqlScriptsTestExecutionListener@4110e0e2, org.springframework.test.context.event.EventPublishingTestExecutionListener@1989cc38, org.springframework.boot.test.autoconfigure.restdocs.RestDocsTestExecutionListener@247c4a32, org.springframework.boot.test.autoconfigure.web.client.MockRestServiceServerResetTestExecutionListener@6ce9cc4f, org.springframework.boot.test.autoconfigure.web.servlet.MockMvcPrintOnlyOnFailureTestExecutionListener@2ab826c0, org.springframework.boot.test.autoconfigure.web.servlet.WebDriverTestExecutionListener@7d07c7a3, org.springframework.boot.test.autoconfigure.webservices.client.MockWebServiceServerTestExecutionListener@3bec3feb, org.springframework.boot.test.mock.mockito.ResetMocksTestExecutionListener@1945176d]
2025-04-21 22:52:10.382  INFO 1191424 --- [    Test worker] o.s.t.c.transaction.TransactionContext   : Began transaction (1) for test context [DefaultTestContext@5adfa95c testClass = LobbyRepositoryIntegrationTest, testInstance = ch.uzh.ifi.hase.soprafs24.repository.LobbyRepositoryIntegrationTest@2ded5310, testMethod = findByLobbyCode_noMatchingLobby_returnsNull@LobbyRepositoryIntegrationTest, testException = [null], mergedContextConfiguration = [MergedContextConfiguration@5673aca9 testClass = LobbyRepositoryIntegrationTest, locations = '{}', classes = '{class ch.uzh.ifi.hase.soprafs24.Application}', contextInitializerClasses = '[]', activeProfiles = '{}', propertySourceLocations = '{}', propertySourceProperties = '{org.springframework.boot.test.autoconfigure.orm.jpa.DataJpaTestContextBootstrapper=true}', contextCustomizers = set[org.springframework.boot.test.autoconfigure.OverrideAutoConfigurationContextCustomizerFactory$DisableAutoConfigurationContextCustomizer@67f946c3, org.springframework.boot.test.autoconfigure.actuate.metrics.MetricsExportContextCustomizerFactory$DisableMetricExportContextCustomizer@4f664bee, org.springframework.boot.test.autoconfigure.filter.TypeExcludeFiltersContextCustomizer@351584c0, org.springframework.boot.test.autoconfigure.properties.PropertyMappingContextCustomizer@b80966a3, org.springframework.boot.test.autoconfigure.web.servlet.WebDriverContextCustomizerFactory$Customizer@37e7c4cc, [ImportsContextCustomizer@3c205a8e key = [org.springframework.boot.autoconfigure.cache.CacheAutoConfiguration, org.springframework.boot.autoconfigure.data.jpa.JpaRepositoriesAutoConfiguration, org.springframework.boot.autoconfigure.flyway.FlywayAutoConfiguration, org.springframework.boot.autoconfigure.jdbc.DataSourceAutoConfiguration, org.springframework.boot.autoconfigure.jdbc.DataSourceTransactionManagerAutoConfiguration, org.springframework.boot.autoconfigure.jdbc.JdbcTemplateAutoConfiguration, org.springframework.boot.autoconfigure.liquibase.LiquibaseAutoConfiguration, org.springframework.boot.autoconfigure.orm.jpa.HibernateJpaAutoConfiguration, org.springframework.boot.autoconfigure.transaction.TransactionAutoConfiguration, org.springframework.boot.test.autoconfigure.jdbc.TestDatabaseAutoConfiguration, org.springframework.boot.test.autoconfigure.orm.jpa.TestEntityManagerAutoConfiguration]], org.springframework.boot.test.context.filter.ExcludeFilterContextCustomizer@30508066, org.springframework.boot.test.json.DuplicateJsonObjectContextCustomizerFactory$DuplicateJsonObjectContextCustomizer@1bee0085, org.springframework.boot.test.mock.mockito.MockitoContextCustomizer@0, org.springframework.boot.test.context.SpringBootTestArgs@1, org.springframework.boot.test.context.SpringBootTestWebEnvironment@0], contextLoader = 'org.springframework.boot.test.context.SpringBootContextLoader', parent = [null]], attributes = map['org.springframework.test.context.event.ApplicationEventsTestExecutionListener.recordApplicationEvents' -> false]]; transaction manager [org.springframework.orm.jpa.JpaTransactionManager@584c661e]; rollback [true]
Hibernate: select lobby0_.id as id1_5_, lobby0_.created_at as created_2_5_, lobby0_.host_id as host_id9_5_, lobby0_.is_private as is_priva3_5_, lobby0_.lobby_code as lobby_co4_5_, lobby0_.max_players as max_play5_5_, lobby0_.max_players_per_team as max_play6_5_, lobby0_.mode as mode7_5_, lobby0_.status as status8_5_ from lobby lobby0_ where lobby0_.lobby_code=?
2025-04-21 22:52:10.393  INFO 1191424 --- [    Test worker] o.s.t.c.transaction.TransactionContext   : Rolled back transaction for test: [DefaultTestContext@5adfa95c testClass = LobbyRepositoryIntegrationTest, testInstance = ch.uzh.ifi.hase.soprafs24.repository.LobbyRepositoryIntegrationTest@2ded5310, testMethod = findByLobbyCode_noMatchingLobby_returnsNull@LobbyRepositoryIntegrationTest, testException = [null], mergedContextConfiguration = [MergedContextConfiguration@5673aca9 testClass = LobbyRepositoryIntegrationTest, locations = '{}', classes = '{class ch.uzh.ifi.hase.soprafs24.Application}', contextInitializerClasses = '[]', activeProfiles = '{}', propertySourceLocations = '{}', propertySourceProperties = '{org.springframework.boot.test.autoconfigure.orm.jpa.DataJpaTestContextBootstrapper=true}', contextCustomizers = set[org.springframework.boot.test.autoconfigure.OverrideAutoConfigurationContextCustomizerFactory$DisableAutoConfigurationContextCustomizer@67f946c3, org.springframework.boot.test.autoconfigure.actuate.metrics.MetricsExportContextCustomizerFactory$DisableMetricExportContextCustomizer@4f664bee, org.springframework.boot.test.autoconfigure.filter.TypeExcludeFiltersContextCustomizer@351584c0, org.springframework.boot.test.autoconfigure.properties.PropertyMappingContextCustomizer@b80966a3, org.springframework.boot.test.autoconfigure.web.servlet.WebDriverContextCustomizerFactory$Customizer@37e7c4cc, [ImportsContextCustomizer@3c205a8e key = [org.springframework.boot.autoconfigure.cache.CacheAutoConfiguration, org.springframework.boot.autoconfigure.data.jpa.JpaRepositoriesAutoConfiguration, org.springframework.boot.autoconfigure.flyway.FlywayAutoConfiguration, org.springframework.boot.autoconfigure.jdbc.DataSourceAutoConfiguration, org.springframework.boot.autoconfigure.jdbc.DataSourceTransactionManagerAutoConfiguration, org.springframework.boot.autoconfigure.jdbc.JdbcTemplateAutoConfiguration, org.springframework.boot.autoconfigure.liquibase.LiquibaseAutoConfiguration, org.springframework.boot.autoconfigure.orm.jpa.HibernateJpaAutoConfiguration, org.springframework.boot.autoconfigure.transaction.TransactionAutoConfiguration, org.springframework.boot.test.autoconfigure.jdbc.TestDatabaseAutoConfiguration, org.springframework.boot.test.autoconfigure.orm.jpa.TestEntityManagerAutoConfiguration]], org.springframework.boot.test.context.filter.ExcludeFilterContextCustomizer@30508066, org.springframework.boot.test.json.DuplicateJsonObjectContextCustomizerFactory$DuplicateJsonObjectContextCustomizer@1bee0085, org.springframework.boot.test.mock.mockito.MockitoContextCustomizer@0, org.springframework.boot.test.context.SpringBootTestArgs@1, org.springframework.boot.test.context.SpringBootTestWebEnvironment@0], contextLoader = 'org.springframework.boot.test.context.SpringBootContextLoader', parent = [null]], attributes = map['org.springframework.test.context.event.ApplicationEventsTestExecutionListener.recordApplicationEvents' -> false]]
2025-04-21 22:52:10.396  INFO 1191424 --- [    Test worker] o.s.t.c.transaction.TransactionContext   : Began transaction (1) for test context [DefaultTestContext@5adfa95c testClass = LobbyRepositoryIntegrationTest, testInstance = ch.uzh.ifi.hase.soprafs24.repository.LobbyRepositoryIntegrationTest@6b26a327, testMethod = saveLobby_findByLobbyCode_returnsCorrectLobby@LobbyRepositoryIntegrationTest, testException = [null], mergedContextConfiguration = [MergedContextConfiguration@5673aca9 testClass = LobbyRepositoryIntegrationTest, locations = '{}', classes = '{class ch.uzh.ifi.hase.soprafs24.Application}', contextInitializerClasses = '[]', activeProfiles = '{}', propertySourceLocations = '{}', propertySourceProperties = '{org.springframework.boot.test.autoconfigure.orm.jpa.DataJpaTestContextBootstrapper=true}', contextCustomizers = set[org.springframework.boot.test.autoconfigure.OverrideAutoConfigurationContextCustomizerFactory$DisableAutoConfigurationContextCustomizer@67f946c3, org.springframework.boot.test.autoconfigure.actuate.metrics.MetricsExportContextCustomizerFactory$DisableMetricExportContextCustomizer@4f664bee, org.springframework.boot.test.autoconfigure.filter.TypeExcludeFiltersContextCustomizer@351584c0, org.springframework.boot.test.autoconfigure.properties.PropertyMappingContextCustomizer@b80966a3, org.springframework.boot.test.autoconfigure.web.servlet.WebDriverContextCustomizerFactory$Customizer@37e7c4cc, [ImportsContextCustomizer@3c205a8e key = [org.springframework.boot.autoconfigure.cache.CacheAutoConfiguration, org.springframework.boot.autoconfigure.data.jpa.JpaRepositoriesAutoConfiguration, org.springframework.boot.autoconfigure.flyway.FlywayAutoConfiguration, org.springframework.boot.autoconfigure.jdbc.DataSourceAutoConfiguration, org.springframework.boot.autoconfigure.jdbc.DataSourceTransactionManagerAutoConfiguration, org.springframework.boot.autoconfigure.jdbc.JdbcTemplateAutoConfiguration, org.springframework.boot.autoconfigure.liquibase.LiquibaseAutoConfiguration, org.springframework.boot.autoconfigure.orm.jpa.HibernateJpaAutoConfiguration, org.springframework.boot.autoconfigure.transaction.TransactionAutoConfiguration, org.springframework.boot.test.autoconfigure.jdbc.TestDatabaseAutoConfiguration, org.springframework.boot.test.autoconfigure.orm.jpa.TestEntityManagerAutoConfiguration]], org.springframework.boot.test.context.filter.ExcludeFilterContextCustomizer@30508066, org.springframework.boot.test.json.DuplicateJsonObjectContextCustomizerFactory$DuplicateJsonObjectContextCustomizer@1bee0085, org.springframework.boot.test.mock.mockito.MockitoContextCustomizer@0, org.springframework.boot.test.context.SpringBootTestArgs@1, org.springframework.boot.test.context.SpringBootTestWebEnvironment@0], contextLoader = 'org.springframework.boot.test.context.SpringBootContextLoader', parent = [null]], attributes = map['org.springframework.test.context.event.ApplicationEventsTestExecutionListener.recordApplicationEvents' -> false]]; transaction manager [org.springframework.orm.jpa.JpaTransactionManager@584c661e]; rollback [true]
Hibernate: call next value for hibernate_sequence
Hibernate: insert into user (created_at, email, password, profile_id, status, token, id) values (?, ?, ?, ?, ?, ?, ?)
Hibernate: insert into lobby (id, created_at, host_id, is_private, lobby_code, max_players, max_players_per_team, mode, status) values (null, ?, ?, ?, ?, ?, ?, ?, ?)
Hibernate: insert into lobby_hints (lobby_id, round_card) values (?, ?)
Hibernate: insert into lobby_hints (lobby_id, round_card) values (?, ?)
Hibernate: select lobby0_.id as id1_5_, lobby0_.created_at as created_2_5_, lobby0_.host_id as host_id9_5_, lobby0_.is_private as is_priva3_5_, lobby0_.lobby_code as lobby_co4_5_, lobby0_.max_players as max_play5_5_, lobby0_.max_players_per_team as max_play6_5_, lobby0_.mode as mode7_5_, lobby0_.status as status8_5_ from lobby lobby0_ where lobby0_.lobby_code=?
Hibernate: insert into lobby (id, created_at, host_id, is_private, lobby_code, max_players, max_players_per_team, mode, status) values (null, ?, ?, ?, ?, ?, ?, ?, ?)
Hibernate: insert into lobby_hints (lobby_id, round_card) values (?, ?)
Hibernate: insert into lobby_hints (lobby_id, round_card) values (?, ?)
Hibernate: select lobby0_.id as id1_5_, lobby0_.created_at as created_2_5_, lobby0_.host_id as host_id9_5_, lobby0_.is_private as is_priva3_5_, lobby0_.lobby_code as lobby_co4_5_, lobby0_.max_players as max_play5_5_, lobby0_.max_players_per_team as max_play6_5_, lobby0_.mode as mode7_5_, lobby0_.status as status8_5_ from lobby lobby0_ where lobby0_.lobby_code=?
2025-04-21 22:52:10.433  INFO 1191424 --- [    Test worker] o.s.t.c.transaction.TransactionContext   : Rolled back transaction for test: [DefaultTestContext@5adfa95c testClass = LobbyRepositoryIntegrationTest, testInstance = ch.uzh.ifi.hase.soprafs24.repository.LobbyRepositoryIntegrationTest@6b26a327, testMethod = saveLobby_findByLobbyCode_returnsCorrectLobby@LobbyRepositoryIntegrationTest, testException = [null], mergedContextConfiguration = [MergedContextConfiguration@5673aca9 testClass = LobbyRepositoryIntegrationTest, locations = '{}', classes = '{class ch.uzh.ifi.hase.soprafs24.Application}', contextInitializerClasses = '[]', activeProfiles = '{}', propertySourceLocations = '{}', propertySourceProperties = '{org.springframework.boot.test.autoconfigure.orm.jpa.DataJpaTestContextBootstrapper=true}', contextCustomizers = set[org.springframework.boot.test.autoconfigure.OverrideAutoConfigurationContextCustomizerFactory$DisableAutoConfigurationContextCustomizer@67f946c3, org.springframework.boot.test.autoconfigure.actuate.metrics.MetricsExportContextCustomizerFactory$DisableMetricExportContextCustomizer@4f664bee, org.springframework.boot.test.autoconfigure.filter.TypeExcludeFiltersContextCustomizer@351584c0, org.springframework.boot.test.autoconfigure.properties.PropertyMappingContextCustomizer@b80966a3, org.springframework.boot.test.autoconfigure.web.servlet.WebDriverContextCustomizerFactory$Customizer@37e7c4cc, [ImportsContextCustomizer@3c205a8e key = [org.springframework.boot.autoconfigure.cache.CacheAutoConfiguration, org.springframework.boot.autoconfigure.data.jpa.JpaRepositoriesAutoConfiguration, org.springframework.boot.autoconfigure.flyway.FlywayAutoConfiguration, org.springframework.boot.autoconfigure.jdbc.DataSourceAutoConfiguration, org.springframework.boot.autoconfigure.jdbc.DataSourceTransactionManagerAutoConfiguration, org.springframework.boot.autoconfigure.jdbc.JdbcTemplateAutoConfiguration, org.springframework.boot.autoconfigure.liquibase.LiquibaseAutoConfiguration, org.springframework.boot.autoconfigure.orm.jpa.HibernateJpaAutoConfiguration, org.springframework.boot.autoconfigure.transaction.TransactionAutoConfiguration, org.springframework.boot.test.autoconfigure.jdbc.TestDatabaseAutoConfiguration, org.springframework.boot.test.autoconfigure.orm.jpa.TestEntityManagerAutoConfiguration]], org.springframework.boot.test.context.filter.ExcludeFilterContextCustomizer@30508066, org.springframework.boot.test.json.DuplicateJsonObjectContextCustomizerFactory$DuplicateJsonObjectContextCustomizer@1bee0085, org.springframework.boot.test.mock.mockito.MockitoContextCustomizer@0, org.springframework.boot.test.context.SpringBootTestArgs@1, org.springframework.boot.test.context.SpringBootTestWebEnvironment@0], contextLoader = 'org.springframework.boot.test.context.SpringBootContextLoader', parent = [null]], attributes = map['org.springframework.test.context.event.ApplicationEventsTestExecutionListener.recordApplicationEvents' -> false]]
]]></system-out>
  <system-err><![CDATA[]]></system-err>
</testsuite>
