<?xml version="1.0" encoding="UTF-8"?>
<testsuite name="ch.uzh.ifi.hase.soprafs24.service.ActionCardServiceTest" tests="15" skipped="0" failures="0" errors="0" timestamp="2025-04-21T20:52:11" hostname="Daria-XPS" time="0.084">
  <properties/>
  <testcase name="processActionCardEffect_returnsCorrectEffect()" classname="ch.uzh.ifi.hase.soprafs24.service.ActionCardServiceTest" time="0.024"/>
  <testcase name="drawRandomCard_returnsValidCard()" classname="ch.uzh.ifi.hase.soprafs24.service.ActionCardServiceTest" time="0.003"/>
  <testcase name="repetition 1 of 10" classname="ch.uzh.ifi.hase.soprafs24.service.ActionCardServiceTest" time="0.004"/>
  <testcase name="repetition 2 of 10" classname="ch.uzh.ifi.hase.soprafs24.service.ActionCardServiceTest" time="0.003"/>
  <testcase name="repetition 3 of 10" classname="ch.uzh.ifi.hase.soprafs24.service.ActionCardServiceTest" time="0.001"/>
  <testcase name="repetition 4 of 10" classname="ch.uzh.ifi.hase.soprafs24.service.ActionCardServiceTest" time="0.003"/>
  <testcase name="repetition 5 of 10" classname="ch.uzh.ifi.hase.soprafs24.service.ActionCardServiceTest" time="0.001"/>
  <testcase name="repetition 6 of 10" classname="ch.uzh.ifi.hase.soprafs24.service.ActionCardServiceTest" time="0.001"/>
  <testcase name="repetition 7 of 10" classname="ch.uzh.ifi.hase.soprafs24.service.ActionCardServiceTest" time="0.001"/>
  <testcase name="repetition 8 of 10" classname="ch.uzh.ifi.hase.soprafs24.service.ActionCardServiceTest" time="0.002"/>
  <testcase name="repetition 9 of 10" classname="ch.uzh.ifi.hase.soprafs24.service.ActionCardServiceTest" time="0.001"/>
  <testcase name="repetition 10 of 10" classname="ch.uzh.ifi.hase.soprafs24.service.ActionCardServiceTest" time="0.001"/>
  <testcase name="findById_returnsCorrectCard()" classname="ch.uzh.ifi.hase.soprafs24.service.ActionCardServiceTest" time="0.002"/>
  <testcase name="isValidActionCard_checksCardExistence()" classname="ch.uzh.ifi.hase.soprafs24.service.ActionCardServiceTest" time="0.003"/>
  <testcase name="drawRandomCard_validCardIds()" classname="ch.uzh.ifi.hase.soprafs24.service.ActionCardServiceTest" time="0.002"/>
  <system-out><![CDATA[2025-04-21 22:52:10.530  INFO 1191424 --- [    Test worker] .b.t.c.SpringBootTestContextBootstrapper : Neither @ContextConfiguration nor @ContextHierarchy found for test class [ch.uzh.ifi.hase.soprafs24.service.ActionCardServiceTest], using SpringBootContextLoader
2025-04-21 22:52:10.530  INFO 1191424 --- [    Test worker] o.s.t.c.support.AbstractContextLoader    : Could not detect default resource locations for test class [ch.uzh.ifi.hase.soprafs24.service.ActionCardServiceTest]: no resource found for suffixes {-context.xml, Context.groovy}.
2025-04-21 22:52:10.531  INFO 1191424 --- [    Test worker] t.c.s.AnnotationConfigContextLoaderUtils : Could not detect default configuration classes for test class [ch.uzh.ifi.hase.soprafs24.service.ActionCardServiceTest]: ActionCardServiceTest does not declare any static, non-private, non-final, nested classes annotated with @Configuration.
2025-04-21 22:52:10.534  INFO 1191424 --- [    Test worker] .b.t.c.SpringBootTestContextBootstrapper : Found @SpringBootConfiguration ch.uzh.ifi.hase.soprafs24.Application for test class ch.uzh.ifi.hase.soprafs24.service.ActionCardServiceTest
2025-04-21 22:52:10.537  INFO 1191424 --- [    Test worker] .b.t.c.SpringBootTestContextBootstrapper : Loaded default TestExecutionListener class names from location [META-INF/spring.factories]: [org.springframework.boot.test.autoconfigure.restdocs.RestDocsTestExecutionListener, org.springframework.boot.test.autoconfigure.web.client.MockRestServiceServerResetTestExecutionListener, org.springframework.boot.test.autoconfigure.web.servlet.MockMvcPrintOnlyOnFailureTestExecutionListener, org.springframework.boot.test.autoconfigure.web.servlet.WebDriverTestExecutionListener, org.springframework.boot.test.autoconfigure.webservices.client.MockWebServiceServerTestExecutionListener, org.springframework.boot.test.mock.mockito.MockitoTestExecutionListener, org.springframework.boot.test.mock.mockito.ResetMocksTestExecutionListener, org.springframework.test.context.web.ServletTestExecutionListener, org.springframework.test.context.support.DirtiesContextBeforeModesTestExecutionListener, org.springframework.test.context.event.ApplicationEventsTestExecutionListener, org.springframework.test.context.support.DependencyInjectionTestExecutionListener, org.springframework.test.context.support.DirtiesContextTestExecutionListener, org.springframework.test.context.transaction.TransactionalTestExecutionListener, org.springframework.test.context.jdbc.SqlScriptsTestExecutionListener, org.springframework.test.context.event.EventPublishingTestExecutionListener]
2025-04-21 22:52:10.537  INFO 1191424 --- [    Test worker] .b.t.c.SpringBootTestContextBootstrapper : Using TestExecutionListeners: [org.springframework.test.context.web.ServletTestExecutionListener@348becd2, org.springframework.test.context.support.DirtiesContextBeforeModesTestExecutionListener@513ca84f, org.springframework.test.context.event.ApplicationEventsTestExecutionListener@7fd2c566, org.springframework.boot.test.mock.mockito.MockitoTestExecutionListener@79db3f2d, org.springframework.boot.test.autoconfigure.SpringBootDependencyInjectionTestExecutionListener@12dda1b8, org.springframework.test.context.support.DirtiesContextTestExecutionListener@26971d7c, org.springframework.test.context.transaction.TransactionalTestExecutionListener@4f07053d, org.springframework.test.context.jdbc.SqlScriptsTestExecutionListener@6f8569a7, org.springframework.test.context.event.EventPublishingTestExecutionListener@102ad58e, org.springframework.boot.test.autoconfigure.restdocs.RestDocsTestExecutionListener@e48560a, org.springframework.boot.test.autoconfigure.web.client.MockRestServiceServerResetTestExecutionListener@79919413, org.springframework.boot.test.autoconfigure.web.servlet.MockMvcPrintOnlyOnFailureTestExecutionListener@3d1d12d7, org.springframework.boot.test.autoconfigure.web.servlet.WebDriverTestExecutionListener@7bdd265f, org.springframework.boot.test.autoconfigure.webservices.client.MockWebServiceServerTestExecutionListener@3769c728, org.springframework.boot.test.mock.mockito.ResetMocksTestExecutionListener@422decda]

  .   ____          _            __ _ _
 /\\ / ___'_ __ _ _(_)_ __  __ _ \ \ \ \
( ( )\___ | '_ | '_| | '_ \/ _` | \ \ \ \
 \\/  ___)| |_)| | | | | || (_| |  ) ) ) )
  '  |____| .__|_| |_|_| |_\__, | / / / /
 =========|_|==============|___/=/_/_/_/
 :: Spring Boot ::               (v2.4.13)

2025-04-21 22:52:10.550  INFO 1191424 --- [    Test worker] c.u.i.h.s.service.ActionCardServiceTest  : Starting ActionCardServiceTest using Java 17.0.13 on Daria-XPS with PID 1191424 (started by dariast in /home/dariast/SoPra/sopra-fs25-group-15-server)
2025-04-21 22:52:10.552  INFO 1191424 --- [    Test worker] c.u.i.h.s.service.ActionCardServiceTest  : No active profile set, falling back to default profiles: default
2025-04-21 22:52:10.748  INFO 1191424 --- [    Test worker] .s.d.r.c.RepositoryConfigurationDelegate : Bootstrapping Spring Data JPA repositories in DEFAULT mode.
2025-04-21 22:52:10.758  INFO 1191424 --- [    Test worker] .s.d.r.c.RepositoryConfigurationDelegate : Finished Spring Data repository scanning in 9 ms. Found 6 JPA repository interfaces.
2025-04-21 22:52:10.901  INFO 1191424 --- [    Test worker] com.zaxxer.hikari.HikariDataSource       : HikariPool-1 - Starting...
2025-04-21 22:52:10.916  INFO 1191424 --- [    Test worker] com.zaxxer.hikari.HikariDataSource       : HikariPool-1 - Start completed.
2025-04-21 22:52:10.936  INFO 1191424 --- [    Test worker] o.hibernate.jpa.internal.util.LogHelper  : HHH000204: Processing PersistenceUnitInfo [name: default]
2025-04-21 22:52:10.940  INFO 1191424 --- [    Test worker] org.hibernate.dialect.Dialect            : HHH000400: Using dialect: org.hibernate.dialect.H2Dialect
2025-04-21 22:52:11.121  INFO 1191424 --- [    Test worker] o.h.e.t.j.p.i.JtaPlatformInitiator       : HHH000490: Using JtaPlatform implementation: [org.hibernate.engine.transaction.jta.platform.internal.NoJtaPlatform]
2025-04-21 22:52:11.121  INFO 1191424 --- [    Test worker] j.LocalContainerEntityManagerFactoryBean : Initialized JPA EntityManagerFactory for persistence unit 'default'
2025-04-21 22:52:11.282  INFO 1191424 --- [    Test worker] c.u.i.h.s.config.WebSocketConfig         : Client inbound channel configured with authentication interceptor
2025-04-21 22:52:11.294  INFO 1191424 --- [    Test worker] c.u.i.h.s.config.WebSocketConfig         : Client outbound channel configured with logging interceptor
2025-04-21 22:52:11.297  INFO 1191424 --- [    Test worker] c.u.i.h.s.config.WebSocketConfig         : Message broker configured with /topic, /app prefixes and 10s heartbeat
2025-04-21 22:52:11.537  INFO 1191424 --- [    Test worker] c.u.i.h.s.config.WebSocketConfig         : Registering STOMP endpoints /ws/lobby, /ws/lobby-manager, /ws/user, /ws/friend, /ws/game
2025-04-21 22:52:11.546  INFO 1191424 --- [    Test worker] c.u.i.h.s.config.WebSocketConfig         : STOMP endpoints registered successfully
2025-04-21 22:52:11.595  WARN 1191424 --- [    Test worker] JpaBaseConfiguration$JpaWebConfiguration : spring.jpa.open-in-view is enabled by default. Therefore, database queries may be performed during view rendering. Explicitly configure spring.jpa.open-in-view to disable this warning
2025-04-21 22:52:11.738  INFO 1191424 --- [    Test worker] o.s.b.a.h2.H2ConsoleAutoConfiguration    : H2 console available at '/h2-console'. Database available at 'jdbc:h2:mem:testdb'
2025-04-21 22:52:11.892  INFO 1191424 --- [    Test worker] o.s.m.s.b.SimpleBrokerMessageHandler     : Starting...
2025-04-21 22:52:11.892  INFO 1191424 --- [    Test worker] o.s.m.s.b.SimpleBrokerMessageHandler     : BrokerAvailabilityEvent[available=true, SimpleBrokerMessageHandler [org.springframework.messaging.simp.broker.DefaultSubscriptionRegistry@4b1aa6]]
2025-04-21 22:52:11.897  INFO 1191424 --- [    Test worker] o.s.m.s.b.SimpleBrokerMessageHandler     : Started.
2025-04-21 22:52:11.900  INFO 1191424 --- [    Test worker] c.u.i.h.s.service.ActionCardServiceTest  : Started ActionCardServiceTest in 1.36 seconds (JVM running for 8.705)
2025-04-21 22:52:11.917  INFO 1191424 --- [    Test worker] c.u.i.h.s.service.ActionCardService      : Processing action card effect for card: 7choices, target player: null
2025-04-21 22:52:11.917  INFO 1191424 --- [    Test worker] c.u.i.h.s.service.ActionCardService      : Processed action card effect: continent
2025-04-21 22:52:11.918  INFO 1191424 --- [    Test worker] c.u.i.h.s.service.ActionCardService      : Processing action card effect for card: badsight, target player: player-token
2025-04-21 22:52:11.918  INFO 1191424 --- [    Test worker] c.u.i.h.s.service.ActionCardService      : Processed action card effect: blur
2025-04-21 22:52:11.922  INFO 1191424 --- [    Test worker] c.u.i.h.s.service.ActionCardService      : Processing action card effect for card: invalid-id, target player: player-token
2025-04-21 22:52:11.922  WARN 1191424 --- [    Test worker] c.u.i.h.s.service.ActionCardService      : Card with ID invalid-id not found
2025-04-21 22:52:11.923 ERROR 1191424 --- [    Test worker] c.u.i.h.s.service.ActionCardService      : Cannot process effect - card not found: invalid-id
2025-04-21 22:52:11.983  WARN 1191424 --- [    Test worker] c.u.i.h.s.service.ActionCardService      : Card with ID invalid-id not found
]]></system-out>
  <system-err><![CDATA[]]></system-err>
</testsuite>
