<?xml version="1.0" encoding="UTF-8"?>
<testsuite name="ch.uzh.ifi.hase.soprafs24.service.GoogleMapsApiKeyValidator" tests="3" skipped="0" failures="0" errors="0" timestamp="2025-04-21T20:52:12" hostname="Daria-XPS" time="0.694">
  <properties/>
  <testcase name="confirmApiKeySource()" classname="ch.uzh.ifi.hase.soprafs24.service.GoogleMapsApiKeyValidator" time="0.002"/>
  <testcase name="validateRandomCoordinatesGenerator()" classname="ch.uzh.ifi.hase.soprafs24.service.GoogleMapsApiKeyValidator" time="0.573"/>
  <testcase name="validateApiKeyWorks()" classname="ch.uzh.ifi.hase.soprafs24.service.GoogleMapsApiKeyValidator" time="0.117"/>
  <system-out><![CDATA[2025-04-21 22:52:12.826  INFO 1191424 --- [    Test worker] .b.t.c.SpringBootTestContextBootstrapper : Neither @ContextConfiguration nor @ContextHierarchy found for test class [ch.uzh.ifi.hase.soprafs24.service.GoogleMapsApiKeyValidator], using SpringBootContextLoader
2025-04-21 22:52:12.827  INFO 1191424 --- [    Test worker] o.s.t.c.support.AbstractContextLoader    : Could not detect default resource locations for test class [ch.uzh.ifi.hase.soprafs24.service.GoogleMapsApiKeyValidator]: no resource found for suffixes {-context.xml, Context.groovy}.
2025-04-21 22:52:12.827  INFO 1191424 --- [    Test worker] t.c.s.AnnotationConfigContextLoaderUtils : Could not detect default configuration classes for test class [ch.uzh.ifi.hase.soprafs24.service.GoogleMapsApiKeyValidator]: GoogleMapsApiKeyValidator does not declare any static, non-private, non-final, nested classes annotated with @Configuration.
2025-04-21 22:52:12.828  INFO 1191424 --- [    Test worker] .b.t.c.SpringBootTestContextBootstrapper : Found @SpringBootConfiguration ch.uzh.ifi.hase.soprafs24.Application for test class ch.uzh.ifi.hase.soprafs24.service.GoogleMapsApiKeyValidator
2025-04-21 22:52:12.829  INFO 1191424 --- [    Test worker] .b.t.c.SpringBootTestContextBootstrapper : Loaded default TestExecutionListener class names from location [META-INF/spring.factories]: [org.springframework.boot.test.autoconfigure.restdocs.RestDocsTestExecutionListener, org.springframework.boot.test.autoconfigure.web.client.MockRestServiceServerResetTestExecutionListener, org.springframework.boot.test.autoconfigure.web.servlet.MockMvcPrintOnlyOnFailureTestExecutionListener, org.springframework.boot.test.autoconfigure.web.servlet.WebDriverTestExecutionListener, org.springframework.boot.test.autoconfigure.webservices.client.MockWebServiceServerTestExecutionListener, org.springframework.boot.test.mock.mockito.MockitoTestExecutionListener, org.springframework.boot.test.mock.mockito.ResetMocksTestExecutionListener, org.springframework.test.context.web.ServletTestExecutionListener, org.springframework.test.context.support.DirtiesContextBeforeModesTestExecutionListener, org.springframework.test.context.event.ApplicationEventsTestExecutionListener, org.springframework.test.context.support.DependencyInjectionTestExecutionListener, org.springframework.test.context.support.DirtiesContextTestExecutionListener, org.springframework.test.context.transaction.TransactionalTestExecutionListener, org.springframework.test.context.jdbc.SqlScriptsTestExecutionListener, org.springframework.test.context.event.EventPublishingTestExecutionListener]
2025-04-21 22:52:12.829  INFO 1191424 --- [    Test worker] .b.t.c.SpringBootTestContextBootstrapper : Using TestExecutionListeners: [org.springframework.test.context.web.ServletTestExecutionListener@41161a4a, org.springframework.test.context.support.DirtiesContextBeforeModesTestExecutionListener@17ad4591, org.springframework.test.context.event.ApplicationEventsTestExecutionListener@b7eb48f, org.springframework.boot.test.mock.mockito.MockitoTestExecutionListener@1015db31, org.springframework.boot.test.autoconfigure.SpringBootDependencyInjectionTestExecutionListener@61205733, org.springframework.test.context.support.DirtiesContextTestExecutionListener@1cdc074b, org.springframework.test.context.transaction.TransactionalTestExecutionListener@62f80293, org.springframework.test.context.jdbc.SqlScriptsTestExecutionListener@5c8a91ae, org.springframework.test.context.event.EventPublishingTestExecutionListener@3ff0dcc3, org.springframework.boot.test.autoconfigure.restdocs.RestDocsTestExecutionListener@436a6229, org.springframework.boot.test.autoconfigure.web.client.MockRestServiceServerResetTestExecutionListener@61241c4d, org.springframework.boot.test.autoconfigure.web.servlet.MockMvcPrintOnlyOnFailureTestExecutionListener@69abe626, org.springframework.boot.test.autoconfigure.web.servlet.WebDriverTestExecutionListener@50043914, org.springframework.boot.test.autoconfigure.webservices.client.MockWebServiceServerTestExecutionListener@406f7217, org.springframework.boot.test.mock.mockito.ResetMocksTestExecutionListener@168d823]
2025-04-21 22:52:12.831  INFO 1191424 --- [    Test worker] apiKeyValidation                         : API key is loaded from: /src/main/resources/application.properties
2025-04-21 22:52:12.832  INFO 1191424 --- [    Test worker] apiKeyValidation                         : Current API key value: AIzaS...NzA...
2025-04-21 22:52:12.832  INFO 1191424 --- [    Test worker] apiKeyValidation                         : API key format looks valid: true
2025-04-21 22:52:12.834  INFO 1191424 --- [    Test worker] apiKeyValidation                         : Testing API key: AIzaSyBtsU......
2025-04-21 22:52:13.296  INFO 1191424 --- [    Test worker] c.u.i.h.s.service.GoogleMapsService      : [Attempt 1/10] API land coords: (28.9288422, -27.1166893)
2025-04-21 22:52:13.296  INFO 1191424 --- [    Test worker] apiKeyValidation                         : Received coordinates: 28.9288422, -27.1166893
2025-04-21 22:52:13.403  INFO 1191424 --- [    Test worker] c.u.i.h.s.service.GoogleMapsService      : [Attempt 1/10] API land coords: (79.70817029999999, -46.159848)
2025-04-21 22:52:13.404  INFO 1191424 --- [    Test worker] apiKeyValidation                         : Attempt #1: 79.70817029999999, -46.159848
2025-04-21 22:52:13.404  INFO 1191424 --- [    Test worker] apiKeyValidation                         : Got different coordinates - API appears to be working!
2025-04-21 22:52:13.409  INFO 1191424 --- [    Test worker] apiKeyValidation                         : Testing API key: AIzaSyBtsU......
2025-04-21 22:52:13.523  INFO 1191424 --- [    Test worker] apiKeyValidation                         : API response status: OK
2025-04-21 22:52:13.523  INFO 1191424 --- [    Test worker] apiKeyValidation                         : Results count: 15
2025-04-21 22:52:13.523  INFO 1191424 --- [    Test worker] apiKeyValidation                         : Verified coordinates: lat=40.7127753, lng=-74.0059728
2025-04-21 22:52:13.523  INFO 1191424 --- [    Test worker] apiKeyValidation                         : API KEY VALIDATION SUCCESSFUL! Your API key is working correctly.
]]></system-out>
  <system-err><![CDATA[]]></system-err>
</testsuite>
