<?xml version="1.0" encoding="UTF-8"?>
<testsuite name="ch.uzh.ifi.hase.soprafs24.service.AuthServiceIntegrationTest" tests="2" skipped="0" failures="0" errors="0" timestamp="2025-04-21T20:52:12" hostname="Daria-XPS" time="0.069">
  <properties/>
  <testcase name="register_duplicateEmailOrUsername_throwsException()" classname="ch.uzh.ifi.hase.soprafs24.service.AuthServiceIntegrationTest" time="0.048"/>
  <testcase name="register_validUser_createsUser()" classname="ch.uzh.ifi.hase.soprafs24.service.AuthServiceIntegrationTest" time="0.021"/>
  <system-out><![CDATA[2025-04-21 22:52:11.991  INFO 1191424 --- [    Test worker] .b.t.c.SpringBootTestContextBootstrapper : Neither @ContextConfiguration nor @ContextHierarchy found for test class [ch.uzh.ifi.hase.soprafs24.service.AuthServiceIntegrationTest], using SpringBootContextLoader
2025-04-21 22:52:11.992  INFO 1191424 --- [    Test worker] o.s.t.c.support.AbstractContextLoader    : Could not detect default resource locations for test class [ch.uzh.ifi.hase.soprafs24.service.AuthServiceIntegrationTest]: no resource found for suffixes {-context.xml, Context.groovy}.
2025-04-21 22:52:11.992  INFO 1191424 --- [    Test worker] t.c.s.AnnotationConfigContextLoaderUtils : Could not detect default configuration classes for test class [ch.uzh.ifi.hase.soprafs24.service.AuthServiceIntegrationTest]: AuthServiceIntegrationTest does not declare any static, non-private, non-final, nested classes annotated with @Configuration.
2025-04-21 22:52:11.993  INFO 1191424 --- [    Test worker] .b.t.c.SpringBootTestContextBootstrapper : Found @SpringBootConfiguration ch.uzh.ifi.hase.soprafs24.Application for test class ch.uzh.ifi.hase.soprafs24.service.AuthServiceIntegrationTest
2025-04-21 22:52:11.996  INFO 1191424 --- [    Test worker] .b.t.c.SpringBootTestContextBootstrapper : Loaded default TestExecutionListener class names from location [META-INF/spring.factories]: [org.springframework.boot.test.autoconfigure.restdocs.RestDocsTestExecutionListener, org.springframework.boot.test.autoconfigure.web.client.MockRestServiceServerResetTestExecutionListener, org.springframework.boot.test.autoconfigure.web.servlet.MockMvcPrintOnlyOnFailureTestExecutionListener, org.springframework.boot.test.autoconfigure.web.servlet.WebDriverTestExecutionListener, org.springframework.boot.test.autoconfigure.webservices.client.MockWebServiceServerTestExecutionListener, org.springframework.boot.test.mock.mockito.MockitoTestExecutionListener, org.springframework.boot.test.mock.mockito.ResetMocksTestExecutionListener, org.springframework.test.context.web.ServletTestExecutionListener, org.springframework.test.context.support.DirtiesContextBeforeModesTestExecutionListener, org.springframework.test.context.event.ApplicationEventsTestExecutionListener, org.springframework.test.context.support.DependencyInjectionTestExecutionListener, org.springframework.test.context.support.DirtiesContextTestExecutionListener, org.springframework.test.context.transaction.TransactionalTestExecutionListener, org.springframework.test.context.jdbc.SqlScriptsTestExecutionListener, org.springframework.test.context.event.EventPublishingTestExecutionListener]
2025-04-21 22:52:11.996  INFO 1191424 --- [    Test worker] .b.t.c.SpringBootTestContextBootstrapper : Using TestExecutionListeners: [org.springframework.test.context.web.ServletTestExecutionListener@1dd75a4b, org.springframework.test.context.support.DirtiesContextBeforeModesTestExecutionListener@4fa4e917, org.springframework.test.context.event.ApplicationEventsTestExecutionListener@539fb843, org.springframework.boot.test.mock.mockito.MockitoTestExecutionListener@2b00783, org.springframework.boot.test.autoconfigure.SpringBootDependencyInjectionTestExecutionListener@2592009c, org.springframework.test.context.support.DirtiesContextTestExecutionListener@4d96b968, org.springframework.test.context.transaction.TransactionalTestExecutionListener@63e55d39, org.springframework.test.context.jdbc.SqlScriptsTestExecutionListener@61ebd2d9, org.springframework.test.context.event.EventPublishingTestExecutionListener@54c8a898, org.springframework.boot.test.autoconfigure.restdocs.RestDocsTestExecutionListener@2ced1690, org.springframework.boot.test.autoconfigure.web.client.MockRestServiceServerResetTestExecutionListener@65289aa1, org.springframework.boot.test.autoconfigure.web.servlet.MockMvcPrintOnlyOnFailureTestExecutionListener@5a6af1c7, org.springframework.boot.test.autoconfigure.web.servlet.WebDriverTestExecutionListener@4b771e7a, org.springframework.boot.test.autoconfigure.webservices.client.MockWebServiceServerTestExecutionListener@feac812, org.springframework.boot.test.mock.mockito.ResetMocksTestExecutionListener@2e36a6dc]

  .   ____          _            __ _ _
 /\\ / ___'_ __ _ _(_)_ __  __ _ \ \ \ \
( ( )\___ | '_ | '_| | '_ \/ _` | \ \ \ \
 \\/  ___)| |_)| | | | | || (_| |  ) ) ) )
  '  |____| .__|_| |_|_| |_\__, | / / / /
 =========|_|==============|___/=/_/_/_/
 :: Spring Boot ::               (v2.4.13)

2025-04-21 22:52:12.012  INFO 1191424 --- [    Test worker] c.u.i.h.s.s.AuthServiceIntegrationTest   : Starting AuthServiceIntegrationTest using Java 17.0.13 on Daria-XPS with PID 1191424 (started by dariast in /home/dariast/SoPra/sopra-fs25-group-15-server)
2025-04-21 22:52:12.013  INFO 1191424 --- [    Test worker] c.u.i.h.s.s.AuthServiceIntegrationTest   : No active profile set, falling back to default profiles: default
2025-04-21 22:52:12.126  INFO 1191424 --- [    Test worker] .s.d.r.c.RepositoryConfigurationDelegate : Bootstrapping Spring Data JPA repositories in DEFAULT mode.
2025-04-21 22:52:12.140  INFO 1191424 --- [    Test worker] .s.d.r.c.RepositoryConfigurationDelegate : Finished Spring Data repository scanning in 12 ms. Found 6 JPA repository interfaces.
2025-04-21 22:52:12.214  INFO 1191424 --- [    Test worker] com.zaxxer.hikari.HikariDataSource       : HikariPool-2 - Starting...
2025-04-21 22:52:12.216  INFO 1191424 --- [    Test worker] com.zaxxer.hikari.HikariDataSource       : HikariPool-2 - Start completed.
2025-04-21 22:52:12.223  INFO 1191424 --- [    Test worker] o.hibernate.jpa.internal.util.LogHelper  : HHH000204: Processing PersistenceUnitInfo [name: default]
2025-04-21 22:52:12.226  INFO 1191424 --- [    Test worker] org.hibernate.dialect.Dialect            : HHH000400: Using dialect: org.hibernate.dialect.H2Dialect
2025-04-21 22:52:12.392  INFO 1191424 --- [    Test worker] o.h.e.t.j.p.i.JtaPlatformInitiator       : HHH000490: Using JtaPlatform implementation: [org.hibernate.engine.transaction.jta.platform.internal.NoJtaPlatform]
2025-04-21 22:52:12.393  INFO 1191424 --- [    Test worker] j.LocalContainerEntityManagerFactoryBean : Initialized JPA EntityManagerFactory for persistence unit 'default'
2025-04-21 22:52:12.462  INFO 1191424 --- [    Test worker] c.u.i.h.s.config.WebSocketConfig         : Client inbound channel configured with authentication interceptor
2025-04-21 22:52:12.465  INFO 1191424 --- [    Test worker] c.u.i.h.s.config.WebSocketConfig         : Client outbound channel configured with logging interceptor
2025-04-21 22:52:12.466  INFO 1191424 --- [    Test worker] c.u.i.h.s.config.WebSocketConfig         : Message broker configured with /topic, /app prefixes and 10s heartbeat
2025-04-21 22:52:12.511  INFO 1191424 --- [    Test worker] c.u.i.h.s.config.WebSocketConfig         : Registering STOMP endpoints /ws/lobby, /ws/lobby-manager, /ws/user, /ws/friend, /ws/game
2025-04-21 22:52:12.511  INFO 1191424 --- [    Test worker] c.u.i.h.s.config.WebSocketConfig         : STOMP endpoints registered successfully
2025-04-21 22:52:12.532  WARN 1191424 --- [    Test worker] JpaBaseConfiguration$JpaWebConfiguration : spring.jpa.open-in-view is enabled by default. Therefore, database queries may be performed during view rendering. Explicitly configure spring.jpa.open-in-view to disable this warning
2025-04-21 22:52:12.606  INFO 1191424 --- [    Test worker] o.s.b.a.h2.H2ConsoleAutoConfiguration    : H2 console available at '/h2-console'. Database available at 'jdbc:h2:mem:testdb'
2025-04-21 22:52:12.704  INFO 1191424 --- [    Test worker] o.s.m.s.b.SimpleBrokerMessageHandler     : Starting...
2025-04-21 22:52:12.705  INFO 1191424 --- [    Test worker] o.s.m.s.b.SimpleBrokerMessageHandler     : BrokerAvailabilityEvent[available=true, SimpleBrokerMessageHandler [org.springframework.messaging.simp.broker.DefaultSubscriptionRegistry@65e1c98c]]
2025-04-21 22:52:12.706  INFO 1191424 --- [    Test worker] o.s.m.s.b.SimpleBrokerMessageHandler     : Started.
2025-04-21 22:52:12.708  INFO 1191424 --- [    Test worker] c.u.i.h.s.s.AuthServiceIntegrationTest   : Started AuthServiceIntegrationTest in 0.709 seconds (JVM running for 9.513)
]]></system-out>
  <system-err><![CDATA[]]></system-err>
</testsuite>
