<?xml version="1.0" encoding="UTF-8"?>
<testsuite name="ch.uzh.ifi.hase.soprafs24.service.LobbyServiceIntegrationTest" tests="7" skipped="0" failures="0" errors="0" timestamp="2025-04-21T20:52:14" hostname="Daria-XPS" time="0.181">
  <properties/>
  <testcase name="testCreateCasualLobby_EnforcesSoloMode()" classname="ch.uzh.ifi.hase.soprafs24.service.LobbyServiceIntegrationTest" time="0.042"/>
  <testcase name="testCreateRankedLobby_RespectsTeamMode()" classname="ch.uzh.ifi.hase.soprafs24.service.LobbyServiceIntegrationTest" time="0.021"/>
  <testcase name="testJoinLobby_NoCode_Fails()" classname="ch.uzh.ifi.hase.soprafs24.service.LobbyServiceIntegrationTest" time="0.023"/>
  <testcase name="testJoinLobby_AssumedFriendButWrongCode_Success()" classname="ch.uzh.ifi.hase.soprafs24.service.LobbyServiceIntegrationTest" time="0.033"/>
  <testcase name="testJoinLobby_WithWrongCode_Fails()" classname="ch.uzh.ifi.hase.soprafs24.service.LobbyServiceIntegrationTest" time="0.019"/>
  <testcase name="testJoinLobby_WithCode_Success()" classname="ch.uzh.ifi.hase.soprafs24.service.LobbyServiceIntegrationTest" time="0.02"/>
  <testcase name="testCreateLobby_GeneratesLobbyCodeForAllTypes()" classname="ch.uzh.ifi.hase.soprafs24.service.LobbyServiceIntegrationTest" time="0.017"/>
  <system-out><![CDATA[2025-04-21 22:52:13.527  INFO 1191424 --- [    Test worker] .b.t.c.SpringBootTestContextBootstrapper : Neither @ContextConfiguration nor @ContextHierarchy found for test class [ch.uzh.ifi.hase.soprafs24.service.LobbyServiceIntegrationTest], using SpringBootContextLoader
2025-04-21 22:52:13.527  INFO 1191424 --- [    Test worker] o.s.t.c.support.AbstractContextLoader    : Could not detect default resource locations for test class [ch.uzh.ifi.hase.soprafs24.service.LobbyServiceIntegrationTest]: no resource found for suffixes {-context.xml, Context.groovy}.
2025-04-21 22:52:13.527  INFO 1191424 --- [    Test worker] t.c.s.AnnotationConfigContextLoaderUtils : Could not detect default configuration classes for test class [ch.uzh.ifi.hase.soprafs24.service.LobbyServiceIntegrationTest]: LobbyServiceIntegrationTest does not declare any static, non-private, non-final, nested classes annotated with @Configuration.
2025-04-21 22:52:13.528  INFO 1191424 --- [    Test worker] .b.t.c.SpringBootTestContextBootstrapper : Found @SpringBootConfiguration ch.uzh.ifi.hase.soprafs24.Application for test class ch.uzh.ifi.hase.soprafs24.service.LobbyServiceIntegrationTest
2025-04-21 22:52:13.529  INFO 1191424 --- [    Test worker] .b.t.c.SpringBootTestContextBootstrapper : Loaded default TestExecutionListener class names from location [META-INF/spring.factories]: [org.springframework.boot.test.autoconfigure.restdocs.RestDocsTestExecutionListener, org.springframework.boot.test.autoconfigure.web.client.MockRestServiceServerResetTestExecutionListener, org.springframework.boot.test.autoconfigure.web.servlet.MockMvcPrintOnlyOnFailureTestExecutionListener, org.springframework.boot.test.autoconfigure.web.servlet.WebDriverTestExecutionListener, org.springframework.boot.test.autoconfigure.webservices.client.MockWebServiceServerTestExecutionListener, org.springframework.boot.test.mock.mockito.MockitoTestExecutionListener, org.springframework.boot.test.mock.mockito.ResetMocksTestExecutionListener, org.springframework.test.context.web.ServletTestExecutionListener, org.springframework.test.context.support.DirtiesContextBeforeModesTestExecutionListener, org.springframework.test.context.event.ApplicationEventsTestExecutionListener, org.springframework.test.context.support.DependencyInjectionTestExecutionListener, org.springframework.test.context.support.DirtiesContextTestExecutionListener, org.springframework.test.context.transaction.TransactionalTestExecutionListener, org.springframework.test.context.jdbc.SqlScriptsTestExecutionListener, org.springframework.test.context.event.EventPublishingTestExecutionListener]
2025-04-21 22:52:13.529  INFO 1191424 --- [    Test worker] .b.t.c.SpringBootTestContextBootstrapper : Using TestExecutionListeners: [org.springframework.test.context.web.ServletTestExecutionListener@2ca832c4, org.springframework.test.context.support.DirtiesContextBeforeModesTestExecutionListener@59767e46, org.springframework.test.context.event.ApplicationEventsTestExecutionListener@10193ef, org.springframework.boot.test.mock.mockito.MockitoTestExecutionListener@22f53e9b, org.springframework.boot.test.autoconfigure.SpringBootDependencyInjectionTestExecutionListener@4f260613, org.springframework.test.context.support.DirtiesContextTestExecutionListener@2548c5ff, org.springframework.test.context.transaction.TransactionalTestExecutionListener@285ba452, org.springframework.test.context.jdbc.SqlScriptsTestExecutionListener@23514624, org.springframework.test.context.event.EventPublishingTestExecutionListener@5c38cac3, org.springframework.boot.test.autoconfigure.restdocs.RestDocsTestExecutionListener@3fbc9b86, org.springframework.boot.test.autoconfigure.web.client.MockRestServiceServerResetTestExecutionListener@4a30c117, org.springframework.boot.test.autoconfigure.web.servlet.MockMvcPrintOnlyOnFailureTestExecutionListener@63f9ce13, org.springframework.boot.test.autoconfigure.web.servlet.WebDriverTestExecutionListener@790d6e7d, org.springframework.boot.test.autoconfigure.webservices.client.MockWebServiceServerTestExecutionListener@2236aa71, org.springframework.boot.test.mock.mockito.ResetMocksTestExecutionListener@6ec2ef59]

  .   ____          _            __ _ _
 /\\ / ___'_ __ _ _(_)_ __  __ _ \ \ \ \
( ( )\___ | '_ | '_| | '_ \/ _` | \ \ \ \
 \\/  ___)| |_)| | | | | || (_| |  ) ) ) )
  '  |____| .__|_| |_|_| |_\__, | / / / /
 =========|_|==============|___/=/_/_/_/
 :: Spring Boot ::               (v2.4.13)

2025-04-21 22:52:13.548  INFO 1191424 --- [    Test worker] c.u.i.h.s.s.LobbyServiceIntegrationTest  : Starting LobbyServiceIntegrationTest using Java 17.0.13 on Daria-XPS with PID 1191424 (started by dariast in /home/dariast/SoPra/sopra-fs25-group-15-server)
2025-04-21 22:52:13.548  INFO 1191424 --- [    Test worker] c.u.i.h.s.s.LobbyServiceIntegrationTest  : No active profile set, falling back to default profiles: default
2025-04-21 22:52:13.675  INFO 1191424 --- [    Test worker] .s.d.r.c.RepositoryConfigurationDelegate : Bootstrapping Spring Data JPA repositories in DEFAULT mode.
2025-04-21 22:52:13.687  INFO 1191424 --- [    Test worker] .s.d.r.c.RepositoryConfigurationDelegate : Finished Spring Data repository scanning in 11 ms. Found 6 JPA repository interfaces.
2025-04-21 22:52:13.767  INFO 1191424 --- [    Test worker] com.zaxxer.hikari.HikariDataSource       : HikariPool-3 - Starting...
2025-04-21 22:52:13.769  INFO 1191424 --- [    Test worker] com.zaxxer.hikari.HikariDataSource       : HikariPool-3 - Start completed.
2025-04-21 22:52:13.773  INFO 1191424 --- [    Test worker] o.hibernate.jpa.internal.util.LogHelper  : HHH000204: Processing PersistenceUnitInfo [name: default]
2025-04-21 22:52:13.777  INFO 1191424 --- [    Test worker] org.hibernate.dialect.Dialect            : HHH000400: Using dialect: org.hibernate.dialect.H2Dialect
2025-04-21 22:52:13.913  INFO 1191424 --- [    Test worker] o.h.e.t.j.p.i.JtaPlatformInitiator       : HHH000490: Using JtaPlatform implementation: [org.hibernate.engine.transaction.jta.platform.internal.NoJtaPlatform]
2025-04-21 22:52:13.914  INFO 1191424 --- [    Test worker] j.LocalContainerEntityManagerFactoryBean : Initialized JPA EntityManagerFactory for persistence unit 'default'
2025-04-21 22:52:13.963  INFO 1191424 --- [    Test worker] c.u.i.h.s.config.WebSocketConfig         : Client inbound channel configured with authentication interceptor
2025-04-21 22:52:13.967  INFO 1191424 --- [    Test worker] c.u.i.h.s.config.WebSocketConfig         : Client outbound channel configured with logging interceptor
2025-04-21 22:52:13.968  INFO 1191424 --- [    Test worker] c.u.i.h.s.config.WebSocketConfig         : Message broker configured with /topic, /app prefixes and 10s heartbeat
2025-04-21 22:52:14.013  INFO 1191424 --- [    Test worker] c.u.i.h.s.config.WebSocketConfig         : Registering STOMP endpoints /ws/lobby, /ws/lobby-manager, /ws/user, /ws/friend, /ws/game
2025-04-21 22:52:14.013  INFO 1191424 --- [    Test worker] c.u.i.h.s.config.WebSocketConfig         : STOMP endpoints registered successfully
2025-04-21 22:52:14.034  WARN 1191424 --- [    Test worker] JpaBaseConfiguration$JpaWebConfiguration : spring.jpa.open-in-view is enabled by default. Therefore, database queries may be performed during view rendering. Explicitly configure spring.jpa.open-in-view to disable this warning
2025-04-21 22:52:14.102  INFO 1191424 --- [    Test worker] o.s.b.a.h2.H2ConsoleAutoConfiguration    : H2 console available at '/h2-console'. Database available at 'jdbc:h2:mem:testdb'
2025-04-21 22:52:14.210  INFO 1191424 --- [    Test worker] o.s.m.s.b.SimpleBrokerMessageHandler     : Starting...
2025-04-21 22:52:14.211  INFO 1191424 --- [    Test worker] o.s.m.s.b.SimpleBrokerMessageHandler     : BrokerAvailabilityEvent[available=true, SimpleBrokerMessageHandler [org.springframework.messaging.simp.broker.DefaultSubscriptionRegistry@4087f518]]
2025-04-21 22:52:14.212  INFO 1191424 --- [    Test worker] o.s.m.s.b.SimpleBrokerMessageHandler     : Started.
2025-04-21 22:52:14.215  INFO 1191424 --- [    Test worker] c.u.i.h.s.s.LobbyServiceIntegrationTest  : Started LobbyServiceIntegrationTest in 0.684 seconds (JVM running for 11.02)
2025-04-21 22:52:14.220  INFO 1191424 --- [    Test worker] o.s.t.c.transaction.TransactionContext   : Began transaction (1) for test context [DefaultTestContext@41ad616a testClass = LobbyServiceIntegrationTest, testInstance = ch.uzh.ifi.hase.soprafs24.service.LobbyServiceIntegrationTest@1375674a, testMethod = testCreateCasualLobby_EnforcesSoloMode@LobbyServiceIntegrationTest, testException = [null], mergedContextConfiguration = [WebMergedContextConfiguration@7918805 testClass = LobbyServiceIntegrationTest, locations = '{}', classes = '{class ch.uzh.ifi.hase.soprafs24.Application}', contextInitializerClasses = '[]', activeProfiles = '{}', propertySourceLocations = '{}', propertySourceProperties = '{org.springframework.boot.test.context.SpringBootTestContextBootstrapper=true}', contextCustomizers = set[org.springframework.boot.test.autoconfigure.actuate.metrics.MetricsExportContextCustomizerFactory$DisableMetricExportContextCustomizer@4f664bee, org.springframework.boot.test.autoconfigure.properties.PropertyMappingContextCustomizer@0, org.springframework.boot.test.autoconfigure.web.servlet.WebDriverContextCustomizerFactory$Customizer@37e7c4cc, org.springframework.boot.test.context.filter.ExcludeFilterContextCustomizer@30508066, org.springframework.boot.test.json.DuplicateJsonObjectContextCustomizerFactory$DuplicateJsonObjectContextCustomizer@1bee0085, org.springframework.boot.test.mock.mockito.MockitoContextCustomizer@3488970e, org.springframework.boot.test.web.client.TestRestTemplateContextCustomizer@30d3e6da, org.springframework.test.context.web.socket.MockServerContainerContextCustomizer@7eab967, org.springframework.boot.test.context.SpringBootTestArgs@1, org.springframework.boot.test.context.SpringBootTestWebEnvironment@4d4d48a6], resourceBasePath = 'src/main/webapp', contextLoader = 'org.springframework.boot.test.context.SpringBootContextLoader', parent = [null]], attributes = map['org.springframework.test.context.web.ServletTestExecutionListener.activateListener' -> true, 'org.springframework.test.context.web.ServletTestExecutionListener.populatedRequestContextHolder' -> true, 'org.springframework.test.context.web.ServletTestExecutionListener.resetRequestContextHolder' -> true, 'org.springframework.test.context.event.ApplicationEventsTestExecutionListener.recordApplicationEvents' -> false]]; transaction manager [org.springframework.orm.jpa.JpaTransactionManager@2c358728]; rollback [true]
2025-04-21 22:52:14.260  INFO 1191424 --- [    Test worker] o.s.t.c.transaction.TransactionContext   : Rolled back transaction for test: [DefaultTestContext@41ad616a testClass = LobbyServiceIntegrationTest, testInstance = ch.uzh.ifi.hase.soprafs24.service.LobbyServiceIntegrationTest@1375674a, testMethod = testCreateCasualLobby_EnforcesSoloMode@LobbyServiceIntegrationTest, testException = [null], mergedContextConfiguration = [WebMergedContextConfiguration@7918805 testClass = LobbyServiceIntegrationTest, locations = '{}', classes = '{class ch.uzh.ifi.hase.soprafs24.Application}', contextInitializerClasses = '[]', activeProfiles = '{}', propertySourceLocations = '{}', propertySourceProperties = '{org.springframework.boot.test.context.SpringBootTestContextBootstrapper=true}', contextCustomizers = set[org.springframework.boot.test.autoconfigure.actuate.metrics.MetricsExportContextCustomizerFactory$DisableMetricExportContextCustomizer@4f664bee, org.springframework.boot.test.autoconfigure.properties.PropertyMappingContextCustomizer@0, org.springframework.boot.test.autoconfigure.web.servlet.WebDriverContextCustomizerFactory$Customizer@37e7c4cc, org.springframework.boot.test.context.filter.ExcludeFilterContextCustomizer@30508066, org.springframework.boot.test.json.DuplicateJsonObjectContextCustomizerFactory$DuplicateJsonObjectContextCustomizer@1bee0085, org.springframework.boot.test.mock.mockito.MockitoContextCustomizer@3488970e, org.springframework.boot.test.web.client.TestRestTemplateContextCustomizer@30d3e6da, org.springframework.test.context.web.socket.MockServerContainerContextCustomizer@7eab967, org.springframework.boot.test.context.SpringBootTestArgs@1, org.springframework.boot.test.context.SpringBootTestWebEnvironment@4d4d48a6], resourceBasePath = 'src/main/webapp', contextLoader = 'org.springframework.boot.test.context.SpringBootContextLoader', parent = [null]], attributes = map['org.springframework.test.context.web.ServletTestExecutionListener.activateListener' -> true, 'org.springframework.test.context.web.ServletTestExecutionListener.populatedRequestContextHolder' -> true, 'org.springframework.test.context.web.ServletTestExecutionListener.resetRequestContextHolder' -> true, 'org.springframework.test.context.event.ApplicationEventsTestExecutionListener.recordApplicationEvents' -> false]]
2025-04-21 22:52:14.262  INFO 1191424 --- [    Test worker] o.s.t.c.transaction.TransactionContext   : Began transaction (1) for test context [DefaultTestContext@41ad616a testClass = LobbyServiceIntegrationTest, testInstance = ch.uzh.ifi.hase.soprafs24.service.LobbyServiceIntegrationTest@54de9c50, testMethod = testCreateRankedLobby_RespectsTeamMode@LobbyServiceIntegrationTest, testException = [null], mergedContextConfiguration = [WebMergedContextConfiguration@7918805 testClass = LobbyServiceIntegrationTest, locations = '{}', classes = '{class ch.uzh.ifi.hase.soprafs24.Application}', contextInitializerClasses = '[]', activeProfiles = '{}', propertySourceLocations = '{}', propertySourceProperties = '{org.springframework.boot.test.context.SpringBootTestContextBootstrapper=true}', contextCustomizers = set[org.springframework.boot.test.autoconfigure.actuate.metrics.MetricsExportContextCustomizerFactory$DisableMetricExportContextCustomizer@4f664bee, org.springframework.boot.test.autoconfigure.properties.PropertyMappingContextCustomizer@0, org.springframework.boot.test.autoconfigure.web.servlet.WebDriverContextCustomizerFactory$Customizer@37e7c4cc, org.springframework.boot.test.context.filter.ExcludeFilterContextCustomizer@30508066, org.springframework.boot.test.json.DuplicateJsonObjectContextCustomizerFactory$DuplicateJsonObjectContextCustomizer@1bee0085, org.springframework.boot.test.mock.mockito.MockitoContextCustomizer@3488970e, org.springframework.boot.test.web.client.TestRestTemplateContextCustomizer@30d3e6da, org.springframework.test.context.web.socket.MockServerContainerContextCustomizer@7eab967, org.springframework.boot.test.context.SpringBootTestArgs@1, org.springframework.boot.test.context.SpringBootTestWebEnvironment@4d4d48a6], resourceBasePath = 'src/main/webapp', contextLoader = 'org.springframework.boot.test.context.SpringBootContextLoader', parent = [null]], attributes = map['org.springframework.test.context.web.ServletTestExecutionListener.activateListener' -> true, 'org.springframework.test.context.web.ServletTestExecutionListener.populatedRequestContextHolder' -> true, 'org.springframework.test.context.web.ServletTestExecutionListener.resetRequestContextHolder' -> true, 'org.springframework.test.context.event.ApplicationEventsTestExecutionListener.recordApplicationEvents' -> false]]; transaction manager [org.springframework.orm.jpa.JpaTransactionManager@2c358728]; rollback [true]
2025-04-21 22:52:14.283  INFO 1191424 --- [    Test worker] o.s.t.c.transaction.TransactionContext   : Rolled back transaction for test: [DefaultTestContext@41ad616a testClass = LobbyServiceIntegrationTest, testInstance = ch.uzh.ifi.hase.soprafs24.service.LobbyServiceIntegrationTest@54de9c50, testMethod = testCreateRankedLobby_RespectsTeamMode@LobbyServiceIntegrationTest, testException = [null], mergedContextConfiguration = [WebMergedContextConfiguration@7918805 testClass = LobbyServiceIntegrationTest, locations = '{}', classes = '{class ch.uzh.ifi.hase.soprafs24.Application}', contextInitializerClasses = '[]', activeProfiles = '{}', propertySourceLocations = '{}', propertySourceProperties = '{org.springframework.boot.test.context.SpringBootTestContextBootstrapper=true}', contextCustomizers = set[org.springframework.boot.test.autoconfigure.actuate.metrics.MetricsExportContextCustomizerFactory$DisableMetricExportContextCustomizer@4f664bee, org.springframework.boot.test.autoconfigure.properties.PropertyMappingContextCustomizer@0, org.springframework.boot.test.autoconfigure.web.servlet.WebDriverContextCustomizerFactory$Customizer@37e7c4cc, org.springframework.boot.test.context.filter.ExcludeFilterContextCustomizer@30508066, org.springframework.boot.test.json.DuplicateJsonObjectContextCustomizerFactory$DuplicateJsonObjectContextCustomizer@1bee0085, org.springframework.boot.test.mock.mockito.MockitoContextCustomizer@3488970e, org.springframework.boot.test.web.client.TestRestTemplateContextCustomizer@30d3e6da, org.springframework.test.context.web.socket.MockServerContainerContextCustomizer@7eab967, org.springframework.boot.test.context.SpringBootTestArgs@1, org.springframework.boot.test.context.SpringBootTestWebEnvironment@4d4d48a6], resourceBasePath = 'src/main/webapp', contextLoader = 'org.springframework.boot.test.context.SpringBootContextLoader', parent = [null]], attributes = map['org.springframework.test.context.web.ServletTestExecutionListener.activateListener' -> true, 'org.springframework.test.context.web.ServletTestExecutionListener.populatedRequestContextHolder' -> true, 'org.springframework.test.context.web.ServletTestExecutionListener.resetRequestContextHolder' -> true, 'org.springframework.test.context.event.ApplicationEventsTestExecutionListener.recordApplicationEvents' -> false]]
2025-04-21 22:52:14.285  INFO 1191424 --- [    Test worker] o.s.t.c.transaction.TransactionContext   : Began transaction (1) for test context [DefaultTestContext@41ad616a testClass = LobbyServiceIntegrationTest, testInstance = ch.uzh.ifi.hase.soprafs24.service.LobbyServiceIntegrationTest@1a6261a8, testMethod = testJoinLobby_NoCode_Fails@LobbyServiceIntegrationTest, testException = [null], mergedContextConfiguration = [WebMergedContextConfiguration@7918805 testClass = LobbyServiceIntegrationTest, locations = '{}', classes = '{class ch.uzh.ifi.hase.soprafs24.Application}', contextInitializerClasses = '[]', activeProfiles = '{}', propertySourceLocations = '{}', propertySourceProperties = '{org.springframework.boot.test.context.SpringBootTestContextBootstrapper=true}', contextCustomizers = set[org.springframework.boot.test.autoconfigure.actuate.metrics.MetricsExportContextCustomizerFactory$DisableMetricExportContextCustomizer@4f664bee, org.springframework.boot.test.autoconfigure.properties.PropertyMappingContextCustomizer@0, org.springframework.boot.test.autoconfigure.web.servlet.WebDriverContextCustomizerFactory$Customizer@37e7c4cc, org.springframework.boot.test.context.filter.ExcludeFilterContextCustomizer@30508066, org.springframework.boot.test.json.DuplicateJsonObjectContextCustomizerFactory$DuplicateJsonObjectContextCustomizer@1bee0085, org.springframework.boot.test.mock.mockito.MockitoContextCustomizer@3488970e, org.springframework.boot.test.web.client.TestRestTemplateContextCustomizer@30d3e6da, org.springframework.test.context.web.socket.MockServerContainerContextCustomizer@7eab967, org.springframework.boot.test.context.SpringBootTestArgs@1, org.springframework.boot.test.context.SpringBootTestWebEnvironment@4d4d48a6], resourceBasePath = 'src/main/webapp', contextLoader = 'org.springframework.boot.test.context.SpringBootContextLoader', parent = [null]], attributes = map['org.springframework.test.context.web.ServletTestExecutionListener.activateListener' -> true, 'org.springframework.test.context.web.ServletTestExecutionListener.populatedRequestContextHolder' -> true, 'org.springframework.test.context.web.ServletTestExecutionListener.resetRequestContextHolder' -> true, 'org.springframework.test.context.event.ApplicationEventsTestExecutionListener.recordApplicationEvents' -> false]]; transaction manager [org.springframework.orm.jpa.JpaTransactionManager@2c358728]; rollback [true]
2025-04-21 22:52:14.302  INFO 1191424 --- [    Test worker] c.u.i.h.soprafs24.service.LobbyService   : Join lobby request: lobbyId=5, userId=7, code=null, friendInvited=false
2025-04-21 22:52:14.306  INFO 1191424 --- [    Test worker] o.s.t.c.transaction.TransactionContext   : Rolled back transaction for test: [DefaultTestContext@41ad616a testClass = LobbyServiceIntegrationTest, testInstance = ch.uzh.ifi.hase.soprafs24.service.LobbyServiceIntegrationTest@1a6261a8, testMethod = testJoinLobby_NoCode_Fails@LobbyServiceIntegrationTest, testException = [null], mergedContextConfiguration = [WebMergedContextConfiguration@7918805 testClass = LobbyServiceIntegrationTest, locations = '{}', classes = '{class ch.uzh.ifi.hase.soprafs24.Application}', contextInitializerClasses = '[]', activeProfiles = '{}', propertySourceLocations = '{}', propertySourceProperties = '{org.springframework.boot.test.context.SpringBootTestContextBootstrapper=true}', contextCustomizers = set[org.springframework.boot.test.autoconfigure.actuate.metrics.MetricsExportContextCustomizerFactory$DisableMetricExportContextCustomizer@4f664bee, org.springframework.boot.test.autoconfigure.properties.PropertyMappingContextCustomizer@0, org.springframework.boot.test.autoconfigure.web.servlet.WebDriverContextCustomizerFactory$Customizer@37e7c4cc, org.springframework.boot.test.context.filter.ExcludeFilterContextCustomizer@30508066, org.springframework.boot.test.json.DuplicateJsonObjectContextCustomizerFactory$DuplicateJsonObjectContextCustomizer@1bee0085, org.springframework.boot.test.mock.mockito.MockitoContextCustomizer@3488970e, org.springframework.boot.test.web.client.TestRestTemplateContextCustomizer@30d3e6da, org.springframework.test.context.web.socket.MockServerContainerContextCustomizer@7eab967, org.springframework.boot.test.context.SpringBootTestArgs@1, org.springframework.boot.test.context.SpringBootTestWebEnvironment@4d4d48a6], resourceBasePath = 'src/main/webapp', contextLoader = 'org.springframework.boot.test.context.SpringBootContextLoader', parent = [null]], attributes = map['org.springframework.test.context.web.ServletTestExecutionListener.activateListener' -> true, 'org.springframework.test.context.web.ServletTestExecutionListener.populatedRequestContextHolder' -> true, 'org.springframework.test.context.web.ServletTestExecutionListener.resetRequestContextHolder' -> true, 'org.springframework.test.context.event.ApplicationEventsTestExecutionListener.recordApplicationEvents' -> false]]
2025-04-21 22:52:14.309  INFO 1191424 --- [    Test worker] o.s.t.c.transaction.TransactionContext   : Began transaction (1) for test context [DefaultTestContext@41ad616a testClass = LobbyServiceIntegrationTest, testInstance = ch.uzh.ifi.hase.soprafs24.service.LobbyServiceIntegrationTest@2c06f84e, testMethod = testJoinLobby_AssumedFriendButWrongCode_Success@LobbyServiceIntegrationTest, testException = [null], mergedContextConfiguration = [WebMergedContextConfiguration@7918805 testClass = LobbyServiceIntegrationTest, locations = '{}', classes = '{class ch.uzh.ifi.hase.soprafs24.Application}', contextInitializerClasses = '[]', activeProfiles = '{}', propertySourceLocations = '{}', propertySourceProperties = '{org.springframework.boot.test.context.SpringBootTestContextBootstrapper=true}', contextCustomizers = set[org.springframework.boot.test.autoconfigure.actuate.metrics.MetricsExportContextCustomizerFactory$DisableMetricExportContextCustomizer@4f664bee, org.springframework.boot.test.autoconfigure.properties.PropertyMappingContextCustomizer@0, org.springframework.boot.test.autoconfigure.web.servlet.WebDriverContextCustomizerFactory$Customizer@37e7c4cc, org.springframework.boot.test.context.filter.ExcludeFilterContextCustomizer@30508066, org.springframework.boot.test.json.DuplicateJsonObjectContextCustomizerFactory$DuplicateJsonObjectContextCustomizer@1bee0085, org.springframework.boot.test.mock.mockito.MockitoContextCustomizer@3488970e, org.springframework.boot.test.web.client.TestRestTemplateContextCustomizer@30d3e6da, org.springframework.test.context.web.socket.MockServerContainerContextCustomizer@7eab967, org.springframework.boot.test.context.SpringBootTestArgs@1, org.springframework.boot.test.context.SpringBootTestWebEnvironment@4d4d48a6], resourceBasePath = 'src/main/webapp', contextLoader = 'org.springframework.boot.test.context.SpringBootContextLoader', parent = [null]], attributes = map['org.springframework.test.context.web.ServletTestExecutionListener.activateListener' -> true, 'org.springframework.test.context.web.ServletTestExecutionListener.populatedRequestContextHolder' -> true, 'org.springframework.test.context.web.ServletTestExecutionListener.resetRequestContextHolder' -> true, 'org.springframework.test.context.event.ApplicationEventsTestExecutionListener.recordApplicationEvents' -> false]]; transaction manager [org.springframework.orm.jpa.JpaTransactionManager@2c358728]; rollback [true]
2025-04-21 22:52:14.324  INFO 1191424 --- [    Test worker] c.u.i.h.soprafs24.service.LobbyService   : Join lobby request: lobbyId=7, userId=11, code=WRONG_CODE, friendInvited=true
2025-04-21 22:52:14.337  INFO 1191424 --- [    Test worker] c.u.i.h.soprafs24.service.LobbyService   : Added user 11 to team1
2025-04-21 22:52:14.340  INFO 1191424 --- [    Test worker] o.s.t.c.transaction.TransactionContext   : Rolled back transaction for test: [DefaultTestContext@41ad616a testClass = LobbyServiceIntegrationTest, testInstance = ch.uzh.ifi.hase.soprafs24.service.LobbyServiceIntegrationTest@2c06f84e, testMethod = testJoinLobby_AssumedFriendButWrongCode_Success@LobbyServiceIntegrationTest, testException = [null], mergedContextConfiguration = [WebMergedContextConfiguration@7918805 testClass = LobbyServiceIntegrationTest, locations = '{}', classes = '{class ch.uzh.ifi.hase.soprafs24.Application}', contextInitializerClasses = '[]', activeProfiles = '{}', propertySourceLocations = '{}', propertySourceProperties = '{org.springframework.boot.test.context.SpringBootTestContextBootstrapper=true}', contextCustomizers = set[org.springframework.boot.test.autoconfigure.actuate.metrics.MetricsExportContextCustomizerFactory$DisableMetricExportContextCustomizer@4f664bee, org.springframework.boot.test.autoconfigure.properties.PropertyMappingContextCustomizer@0, org.springframework.boot.test.autoconfigure.web.servlet.WebDriverContextCustomizerFactory$Customizer@37e7c4cc, org.springframework.boot.test.context.filter.ExcludeFilterContextCustomizer@30508066, org.springframework.boot.test.json.DuplicateJsonObjectContextCustomizerFactory$DuplicateJsonObjectContextCustomizer@1bee0085, org.springframework.boot.test.mock.mockito.MockitoContextCustomizer@3488970e, org.springframework.boot.test.web.client.TestRestTemplateContextCustomizer@30d3e6da, org.springframework.test.context.web.socket.MockServerContainerContextCustomizer@7eab967, org.springframework.boot.test.context.SpringBootTestArgs@1, org.springframework.boot.test.context.SpringBootTestWebEnvironment@4d4d48a6], resourceBasePath = 'src/main/webapp', contextLoader = 'org.springframework.boot.test.context.SpringBootContextLoader', parent = [null]], attributes = map['org.springframework.test.context.web.ServletTestExecutionListener.activateListener' -> true, 'org.springframework.test.context.web.ServletTestExecutionListener.populatedRequestContextHolder' -> true, 'org.springframework.test.context.web.ServletTestExecutionListener.resetRequestContextHolder' -> true, 'org.springframework.test.context.event.ApplicationEventsTestExecutionListener.recordApplicationEvents' -> false]]
2025-04-21 22:52:14.342  INFO 1191424 --- [    Test worker] o.s.t.c.transaction.TransactionContext   : Began transaction (1) for test context [DefaultTestContext@41ad616a testClass = LobbyServiceIntegrationTest, testInstance = ch.uzh.ifi.hase.soprafs24.service.LobbyServiceIntegrationTest@3f6278d4, testMethod = testJoinLobby_WithWrongCode_Fails@LobbyServiceIntegrationTest, testException = [null], mergedContextConfiguration = [WebMergedContextConfiguration@7918805 testClass = LobbyServiceIntegrationTest, locations = '{}', classes = '{class ch.uzh.ifi.hase.soprafs24.Application}', contextInitializerClasses = '[]', activeProfiles = '{}', propertySourceLocations = '{}', propertySourceProperties = '{org.springframework.boot.test.context.SpringBootTestContextBootstrapper=true}', contextCustomizers = set[org.springframework.boot.test.autoconfigure.actuate.metrics.MetricsExportContextCustomizerFactory$DisableMetricExportContextCustomizer@4f664bee, org.springframework.boot.test.autoconfigure.properties.PropertyMappingContextCustomizer@0, org.springframework.boot.test.autoconfigure.web.servlet.WebDriverContextCustomizerFactory$Customizer@37e7c4cc, org.springframework.boot.test.context.filter.ExcludeFilterContextCustomizer@30508066, org.springframework.boot.test.json.DuplicateJsonObjectContextCustomizerFactory$DuplicateJsonObjectContextCustomizer@1bee0085, org.springframework.boot.test.mock.mockito.MockitoContextCustomizer@3488970e, org.springframework.boot.test.web.client.TestRestTemplateContextCustomizer@30d3e6da, org.springframework.test.context.web.socket.MockServerContainerContextCustomizer@7eab967, org.springframework.boot.test.context.SpringBootTestArgs@1, org.springframework.boot.test.context.SpringBootTestWebEnvironment@4d4d48a6], resourceBasePath = 'src/main/webapp', contextLoader = 'org.springframework.boot.test.context.SpringBootContextLoader', parent = [null]], attributes = map['org.springframework.test.context.web.ServletTestExecutionListener.activateListener' -> true, 'org.springframework.test.context.web.ServletTestExecutionListener.populatedRequestContextHolder' -> true, 'org.springframework.test.context.web.ServletTestExecutionListener.resetRequestContextHolder' -> true, 'org.springframework.test.context.event.ApplicationEventsTestExecutionListener.recordApplicationEvents' -> false]]; transaction manager [org.springframework.orm.jpa.JpaTransactionManager@2c358728]; rollback [true]
2025-04-21 22:52:14.357  INFO 1191424 --- [    Test worker] c.u.i.h.soprafs24.service.LobbyService   : Join lobby request: lobbyId=9, userId=15, code=WRONG_CODE, friendInvited=false
2025-04-21 22:52:14.361  INFO 1191424 --- [    Test worker] o.s.t.c.transaction.TransactionContext   : Rolled back transaction for test: [DefaultTestContext@41ad616a testClass = LobbyServiceIntegrationTest, testInstance = ch.uzh.ifi.hase.soprafs24.service.LobbyServiceIntegrationTest@3f6278d4, testMethod = testJoinLobby_WithWrongCode_Fails@LobbyServiceIntegrationTest, testException = [null], mergedContextConfiguration = [WebMergedContextConfiguration@7918805 testClass = LobbyServiceIntegrationTest, locations = '{}', classes = '{class ch.uzh.ifi.hase.soprafs24.Application}', contextInitializerClasses = '[]', activeProfiles = '{}', propertySourceLocations = '{}', propertySourceProperties = '{org.springframework.boot.test.context.SpringBootTestContextBootstrapper=true}', contextCustomizers = set[org.springframework.boot.test.autoconfigure.actuate.metrics.MetricsExportContextCustomizerFactory$DisableMetricExportContextCustomizer@4f664bee, org.springframework.boot.test.autoconfigure.properties.PropertyMappingContextCustomizer@0, org.springframework.boot.test.autoconfigure.web.servlet.WebDriverContextCustomizerFactory$Customizer@37e7c4cc, org.springframework.boot.test.context.filter.ExcludeFilterContextCustomizer@30508066, org.springframework.boot.test.json.DuplicateJsonObjectContextCustomizerFactory$DuplicateJsonObjectContextCustomizer@1bee0085, org.springframework.boot.test.mock.mockito.MockitoContextCustomizer@3488970e, org.springframework.boot.test.web.client.TestRestTemplateContextCustomizer@30d3e6da, org.springframework.test.context.web.socket.MockServerContainerContextCustomizer@7eab967, org.springframework.boot.test.context.SpringBootTestArgs@1, org.springframework.boot.test.context.SpringBootTestWebEnvironment@4d4d48a6], resourceBasePath = 'src/main/webapp', contextLoader = 'org.springframework.boot.test.context.SpringBootContextLoader', parent = [null]], attributes = map['org.springframework.test.context.web.ServletTestExecutionListener.activateListener' -> true, 'org.springframework.test.context.web.ServletTestExecutionListener.populatedRequestContextHolder' -> true, 'org.springframework.test.context.web.ServletTestExecutionListener.resetRequestContextHolder' -> true, 'org.springframework.test.context.event.ApplicationEventsTestExecutionListener.recordApplicationEvents' -> false]]
2025-04-21 22:52:14.363  INFO 1191424 --- [    Test worker] o.s.t.c.transaction.TransactionContext   : Began transaction (1) for test context [DefaultTestContext@41ad616a testClass = LobbyServiceIntegrationTest, testInstance = ch.uzh.ifi.hase.soprafs24.service.LobbyServiceIntegrationTest@20cef728, testMethod = testJoinLobby_WithCode_Success@LobbyServiceIntegrationTest, testException = [null], mergedContextConfiguration = [WebMergedContextConfiguration@7918805 testClass = LobbyServiceIntegrationTest, locations = '{}', classes = '{class ch.uzh.ifi.hase.soprafs24.Application}', contextInitializerClasses = '[]', activeProfiles = '{}', propertySourceLocations = '{}', propertySourceProperties = '{org.springframework.boot.test.context.SpringBootTestContextBootstrapper=true}', contextCustomizers = set[org.springframework.boot.test.autoconfigure.actuate.metrics.MetricsExportContextCustomizerFactory$DisableMetricExportContextCustomizer@4f664bee, org.springframework.boot.test.autoconfigure.properties.PropertyMappingContextCustomizer@0, org.springframework.boot.test.autoconfigure.web.servlet.WebDriverContextCustomizerFactory$Customizer@37e7c4cc, org.springframework.boot.test.context.filter.ExcludeFilterContextCustomizer@30508066, org.springframework.boot.test.json.DuplicateJsonObjectContextCustomizerFactory$DuplicateJsonObjectContextCustomizer@1bee0085, org.springframework.boot.test.mock.mockito.MockitoContextCustomizer@3488970e, org.springframework.boot.test.web.client.TestRestTemplateContextCustomizer@30d3e6da, org.springframework.test.context.web.socket.MockServerContainerContextCustomizer@7eab967, org.springframework.boot.test.context.SpringBootTestArgs@1, org.springframework.boot.test.context.SpringBootTestWebEnvironment@4d4d48a6], resourceBasePath = 'src/main/webapp', contextLoader = 'org.springframework.boot.test.context.SpringBootContextLoader', parent = [null]], attributes = map['org.springframework.test.context.web.ServletTestExecutionListener.activateListener' -> true, 'org.springframework.test.context.web.ServletTestExecutionListener.populatedRequestContextHolder' -> true, 'org.springframework.test.context.web.ServletTestExecutionListener.resetRequestContextHolder' -> true, 'org.springframework.test.context.event.ApplicationEventsTestExecutionListener.recordApplicationEvents' -> false]]; transaction manager [org.springframework.orm.jpa.JpaTransactionManager@2c358728]; rollback [true]
2025-04-21 22:52:14.376  INFO 1191424 --- [    Test worker] c.u.i.h.soprafs24.service.LobbyService   : Join lobby request: lobbyId=11, userId=19, code=29070, friendInvited=false
2025-04-21 22:52:14.377  INFO 1191424 --- [    Test worker] c.u.i.h.soprafs24.service.LobbyService   : Added user 19 to team1
2025-04-21 22:52:14.381  INFO 1191424 --- [    Test worker] o.s.t.c.transaction.TransactionContext   : Rolled back transaction for test: [DefaultTestContext@41ad616a testClass = LobbyServiceIntegrationTest, testInstance = ch.uzh.ifi.hase.soprafs24.service.LobbyServiceIntegrationTest@20cef728, testMethod = testJoinLobby_WithCode_Success@LobbyServiceIntegrationTest, testException = [null], mergedContextConfiguration = [WebMergedContextConfiguration@7918805 testClass = LobbyServiceIntegrationTest, locations = '{}', classes = '{class ch.uzh.ifi.hase.soprafs24.Application}', contextInitializerClasses = '[]', activeProfiles = '{}', propertySourceLocations = '{}', propertySourceProperties = '{org.springframework.boot.test.context.SpringBootTestContextBootstrapper=true}', contextCustomizers = set[org.springframework.boot.test.autoconfigure.actuate.metrics.MetricsExportContextCustomizerFactory$DisableMetricExportContextCustomizer@4f664bee, org.springframework.boot.test.autoconfigure.properties.PropertyMappingContextCustomizer@0, org.springframework.boot.test.autoconfigure.web.servlet.WebDriverContextCustomizerFactory$Customizer@37e7c4cc, org.springframework.boot.test.context.filter.ExcludeFilterContextCustomizer@30508066, org.springframework.boot.test.json.DuplicateJsonObjectContextCustomizerFactory$DuplicateJsonObjectContextCustomizer@1bee0085, org.springframework.boot.test.mock.mockito.MockitoContextCustomizer@3488970e, org.springframework.boot.test.web.client.TestRestTemplateContextCustomizer@30d3e6da, org.springframework.test.context.web.socket.MockServerContainerContextCustomizer@7eab967, org.springframework.boot.test.context.SpringBootTestArgs@1, org.springframework.boot.test.context.SpringBootTestWebEnvironment@4d4d48a6], resourceBasePath = 'src/main/webapp', contextLoader = 'org.springframework.boot.test.context.SpringBootContextLoader', parent = [null]], attributes = map['org.springframework.test.context.web.ServletTestExecutionListener.activateListener' -> true, 'org.springframework.test.context.web.ServletTestExecutionListener.populatedRequestContextHolder' -> true, 'org.springframework.test.context.web.ServletTestExecutionListener.resetRequestContextHolder' -> true, 'org.springframework.test.context.event.ApplicationEventsTestExecutionListener.recordApplicationEvents' -> false]]
2025-04-21 22:52:14.384  INFO 1191424 --- [    Test worker] o.s.t.c.transaction.TransactionContext   : Began transaction (1) for test context [DefaultTestContext@41ad616a testClass = LobbyServiceIntegrationTest, testInstance = ch.uzh.ifi.hase.soprafs24.service.LobbyServiceIntegrationTest@6c367b6e, testMethod = testCreateLobby_GeneratesLobbyCodeForAllTypes@LobbyServiceIntegrationTest, testException = [null], mergedContextConfiguration = [WebMergedContextConfiguration@7918805 testClass = LobbyServiceIntegrationTest, locations = '{}', classes = '{class ch.uzh.ifi.hase.soprafs24.Application}', contextInitializerClasses = '[]', activeProfiles = '{}', propertySourceLocations = '{}', propertySourceProperties = '{org.springframework.boot.test.context.SpringBootTestContextBootstrapper=true}', contextCustomizers = set[org.springframework.boot.test.autoconfigure.actuate.metrics.MetricsExportContextCustomizerFactory$DisableMetricExportContextCustomizer@4f664bee, org.springframework.boot.test.autoconfigure.properties.PropertyMappingContextCustomizer@0, org.springframework.boot.test.autoconfigure.web.servlet.WebDriverContextCustomizerFactory$Customizer@37e7c4cc, org.springframework.boot.test.context.filter.ExcludeFilterContextCustomizer@30508066, org.springframework.boot.test.json.DuplicateJsonObjectContextCustomizerFactory$DuplicateJsonObjectContextCustomizer@1bee0085, org.springframework.boot.test.mock.mockito.MockitoContextCustomizer@3488970e, org.springframework.boot.test.web.client.TestRestTemplateContextCustomizer@30d3e6da, org.springframework.test.context.web.socket.MockServerContainerContextCustomizer@7eab967, org.springframework.boot.test.context.SpringBootTestArgs@1, org.springframework.boot.test.context.SpringBootTestWebEnvironment@4d4d48a6], resourceBasePath = 'src/main/webapp', contextLoader = 'org.springframework.boot.test.context.SpringBootContextLoader', parent = [null]], attributes = map['org.springframework.test.context.web.ServletTestExecutionListener.activateListener' -> true, 'org.springframework.test.context.web.ServletTestExecutionListener.populatedRequestContextHolder' -> true, 'org.springframework.test.context.web.ServletTestExecutionListener.resetRequestContextHolder' -> true, 'org.springframework.test.context.event.ApplicationEventsTestExecutionListener.recordApplicationEvents' -> false]]; transaction manager [org.springframework.orm.jpa.JpaTransactionManager@2c358728]; rollback [true]
2025-04-21 22:52:14.399  INFO 1191424 --- [    Test worker] o.s.t.c.transaction.TransactionContext   : Rolled back transaction for test: [DefaultTestContext@41ad616a testClass = LobbyServiceIntegrationTest, testInstance = ch.uzh.ifi.hase.soprafs24.service.LobbyServiceIntegrationTest@6c367b6e, testMethod = testCreateLobby_GeneratesLobbyCodeForAllTypes@LobbyServiceIntegrationTest, testException = [null], mergedContextConfiguration = [WebMergedContextConfiguration@7918805 testClass = LobbyServiceIntegrationTest, locations = '{}', classes = '{class ch.uzh.ifi.hase.soprafs24.Application}', contextInitializerClasses = '[]', activeProfiles = '{}', propertySourceLocations = '{}', propertySourceProperties = '{org.springframework.boot.test.context.SpringBootTestContextBootstrapper=true}', contextCustomizers = set[org.springframework.boot.test.autoconfigure.actuate.metrics.MetricsExportContextCustomizerFactory$DisableMetricExportContextCustomizer@4f664bee, org.springframework.boot.test.autoconfigure.properties.PropertyMappingContextCustomizer@0, org.springframework.boot.test.autoconfigure.web.servlet.WebDriverContextCustomizerFactory$Customizer@37e7c4cc, org.springframework.boot.test.context.filter.ExcludeFilterContextCustomizer@30508066, org.springframework.boot.test.json.DuplicateJsonObjectContextCustomizerFactory$DuplicateJsonObjectContextCustomizer@1bee0085, org.springframework.boot.test.mock.mockito.MockitoContextCustomizer@3488970e, org.springframework.boot.test.web.client.TestRestTemplateContextCustomizer@30d3e6da, org.springframework.test.context.web.socket.MockServerContainerContextCustomizer@7eab967, org.springframework.boot.test.context.SpringBootTestArgs@1, org.springframework.boot.test.context.SpringBootTestWebEnvironment@4d4d48a6], resourceBasePath = 'src/main/webapp', contextLoader = 'org.springframework.boot.test.context.SpringBootContextLoader', parent = [null]], attributes = map['org.springframework.test.context.web.ServletTestExecutionListener.activateListener' -> true, 'org.springframework.test.context.web.ServletTestExecutionListener.populatedRequestContextHolder' -> true, 'org.springframework.test.context.web.ServletTestExecutionListener.resetRequestContextHolder' -> true, 'org.springframework.test.context.event.ApplicationEventsTestExecutionListener.recordApplicationEvents' -> false]]
]]></system-out>
  <system-err><![CDATA[]]></system-err>
</testsuite>
