<?xml version="1.0" encoding="UTF-8"?>
<testsuite name="ch.uzh.ifi.hase.soprafs24.repository.FriendRequestRepositoryTest" tests="3" skipped="0" failures="0" errors="0" timestamp="2025-04-21T20:52:10" hostname="Daria-XPS" time="0.278">
  <properties/>
  <testcase name="findBySenderOrRecipient_ReturnsAllRelatedRequests()" classname="ch.uzh.ifi.hase.soprafs24.repository.FriendRequestRepositoryTest" time="0.21"/>
  <testcase name="findBySender_ReturnsAllSentRequests()" classname="ch.uzh.ifi.hase.soprafs24.repository.FriendRequestRepositoryTest" time="0.033"/>
  <testcase name="findByRecipientAndStatus_ReturnsPendingRequestsOnly()" classname="ch.uzh.ifi.hase.soprafs24.repository.FriendRequestRepositoryTest" time="0.032"/>
  <system-out><![CDATA[2025-04-21 22:52:08.077  INFO 1191424 --- [    Test worker] b.t.a.o.j.DataJpaTestContextBootstrapper : Neither @ContextConfiguration nor @ContextHierarchy found for test class [ch.uzh.ifi.hase.soprafs24.repository.FriendRequestRepositoryTest], using SpringBootContextLoader
2025-04-21 22:52:08.078  INFO 1191424 --- [    Test worker] o.s.t.c.support.AbstractContextLoader    : Could not detect default resource locations for test class [ch.uzh.ifi.hase.soprafs24.repository.FriendRequestRepositoryTest]: no resource found for suffixes {-context.xml, Context.groovy}.
2025-04-21 22:52:08.078  INFO 1191424 --- [    Test worker] t.c.s.AnnotationConfigContextLoaderUtils : Could not detect default configuration classes for test class [ch.uzh.ifi.hase.soprafs24.repository.FriendRequestRepositoryTest]: FriendRequestRepositoryTest does not declare any static, non-private, non-final, nested classes annotated with @Configuration.
2025-04-21 22:52:08.084  INFO 1191424 --- [    Test worker] .b.t.c.SpringBootTestContextBootstrapper : Found @SpringBootConfiguration ch.uzh.ifi.hase.soprafs24.Application for test class ch.uzh.ifi.hase.soprafs24.repository.FriendRequestRepositoryTest
2025-04-21 22:52:08.084  INFO 1191424 --- [    Test worker] b.t.a.o.j.DataJpaTestContextBootstrapper : Loaded default TestExecutionListener class names from location [META-INF/spring.factories]: [org.springframework.boot.test.autoconfigure.restdocs.RestDocsTestExecutionListener, org.springframework.boot.test.autoconfigure.web.client.MockRestServiceServerResetTestExecutionListener, org.springframework.boot.test.autoconfigure.web.servlet.MockMvcPrintOnlyOnFailureTestExecutionListener, org.springframework.boot.test.autoconfigure.web.servlet.WebDriverTestExecutionListener, org.springframework.boot.test.autoconfigure.webservices.client.MockWebServiceServerTestExecutionListener, org.springframework.boot.test.mock.mockito.MockitoTestExecutionListener, org.springframework.boot.test.mock.mockito.ResetMocksTestExecutionListener, org.springframework.test.context.web.ServletTestExecutionListener, org.springframework.test.context.support.DirtiesContextBeforeModesTestExecutionListener, org.springframework.test.context.event.ApplicationEventsTestExecutionListener, org.springframework.test.context.support.DependencyInjectionTestExecutionListener, org.springframework.test.context.support.DirtiesContextTestExecutionListener, org.springframework.test.context.transaction.TransactionalTestExecutionListener, org.springframework.test.context.jdbc.SqlScriptsTestExecutionListener, org.springframework.test.context.event.EventPublishingTestExecutionListener]
2025-04-21 22:52:08.085  INFO 1191424 --- [    Test worker] b.t.a.o.j.DataJpaTestContextBootstrapper : Using TestExecutionListeners: [org.springframework.test.context.web.ServletTestExecutionListener@5b1e336c, org.springframework.test.context.support.DirtiesContextBeforeModesTestExecutionListener@5fc3333f, org.springframework.test.context.event.ApplicationEventsTestExecutionListener@13623138, org.springframework.boot.test.mock.mockito.MockitoTestExecutionListener@3579682, org.springframework.boot.test.autoconfigure.SpringBootDependencyInjectionTestExecutionListener@297840d7, org.springframework.test.context.support.DirtiesContextTestExecutionListener@6f64c40c, org.springframework.test.context.transaction.TransactionalTestExecutionListener@6d8dc329, org.springframework.test.context.jdbc.SqlScriptsTestExecutionListener@52d1bb9c, org.springframework.test.context.event.EventPublishingTestExecutionListener@39c437e9, org.springframework.boot.test.autoconfigure.restdocs.RestDocsTestExecutionListener@7049d079, org.springframework.boot.test.autoconfigure.web.client.MockRestServiceServerResetTestExecutionListener@735ed1d2, org.springframework.boot.test.autoconfigure.web.servlet.MockMvcPrintOnlyOnFailureTestExecutionListener@2c8c897e, org.springframework.boot.test.autoconfigure.web.servlet.WebDriverTestExecutionListener@34ef9879, org.springframework.boot.test.autoconfigure.webservices.client.MockWebServiceServerTestExecutionListener@a9b5c85, org.springframework.boot.test.mock.mockito.ResetMocksTestExecutionListener@fcecc45]

  .   ____          _            __ _ _
 /\\ / ___'_ __ _ _(_)_ __  __ _ \ \ \ \
( ( )\___ | '_ | '_| | '_ \/ _` | \ \ \ \
 \\/  ___)| |_)| | | | | || (_| |  ) ) ) )
  '  |____| .__|_| |_|_| |_\__, | / / / /
 =========|_|==============|___/=/_/_/_/
 :: Spring Boot ::               (v2.4.13)

2025-04-21 22:52:08.103  INFO 1191424 --- [    Test worker] c.u.i.h.s.r.FriendRequestRepositoryTest  : Starting FriendRequestRepositoryTest using Java 17.0.13 on Daria-XPS with PID 1191424 (started by dariast in /home/dariast/SoPra/sopra-fs25-group-15-server)
2025-04-21 22:52:08.104  INFO 1191424 --- [    Test worker] c.u.i.h.s.r.FriendRequestRepositoryTest  : No active profile set, falling back to default profiles: default
2025-04-21 22:52:08.196  INFO 1191424 --- [    Test worker] .s.d.r.c.RepositoryConfigurationDelegate : Bootstrapping Spring Data JPA repositories in DEFAULT mode.
2025-04-21 22:52:08.262  INFO 1191424 --- [    Test worker] .s.d.r.c.RepositoryConfigurationDelegate : Finished Spring Data repository scanning in 61 ms. Found 6 JPA repository interfaces.
2025-04-21 22:52:08.293  INFO 1191424 --- [    Test worker] beddedDataSourceBeanFactoryPostProcessor : Replacing 'dataSource' DataSource bean with embedded version
2025-04-21 22:52:08.337  INFO 1191424 --- [    Test worker] o.s.j.d.e.EmbeddedDatabaseFactory        : Starting embedded database: url='jdbc:h2:mem:8ce1dec0-cb2e-4957-b92e-c3423ca0c6e6;DB_CLOSE_DELAY=-1;DB_CLOSE_ON_EXIT=false', username='sa'
2025-04-21 22:52:08.701  INFO 1191424 --- [    Test worker] o.hibernate.jpa.internal.util.LogHelper  : HHH000204: Processing PersistenceUnitInfo [name: default]
2025-04-21 22:52:08.746  INFO 1191424 --- [    Test worker] org.hibernate.Version                    : HHH000412: Hibernate ORM core version 5.4.32.Final
2025-04-21 22:52:08.790  INFO 1191424 --- [    Test worker] o.hibernate.annotations.common.Version   : HCANN000001: Hibernate Commons Annotations {5.1.2.Final}
2025-04-21 22:52:08.917  INFO 1191424 --- [    Test worker] org.hibernate.dialect.Dialect            : HHH000400: Using dialect: org.hibernate.dialect.H2Dialect
Hibernate: drop table if exists action_card CASCADE 
Hibernate: drop table if exists friend_request CASCADE 
Hibernate: drop table if exists friendship CASCADE 
Hibernate: drop table if exists game CASCADE 
Hibernate: drop table if exists game_players CASCADE 
Hibernate: drop table if exists lobby CASCADE 
Hibernate: drop table if exists lobby_hints CASCADE 
Hibernate: drop table if exists lobby_players CASCADE 
Hibernate: drop table if exists round_card CASCADE 
Hibernate: drop table if exists user CASCADE 
Hibernate: drop table if exists user_profile CASCADE 
Hibernate: drop table if exists user_profile_achievements CASCADE 
Hibernate: drop table if exists user_profile_friends CASCADE 
Hibernate: drop sequence if exists hibernate_sequence
Hibernate: create sequence hibernate_sequence start with 1 increment by 1
Hibernate: create table action_card (id varchar(255) not null, description varchar(1000) not null, title varchar(255) not null, type varchar(255) not null, owner_id bigint not null, primary key (id))
Hibernate: create table friend_request (id bigint generated by default as identity, created_at timestamp not null, status varchar(255) not null, recipient_id bigint not null, sender_id bigint not null, primary key (id))
Hibernate: create table friendship (id bigint generated by default as identity, created_at timestamp not null, user1_id bigint not null, user2_id bigint not null, primary key (id))
Hibernate: create table game (id bigint not null, creation_date timestamp not null, creator_username varchar(255) not null, current_round integer, current_round_winner_id bigint, max_players integer, name varchar(255) not null, status varchar(255), winner_id bigint, primary key (id))
Hibernate: create table game_players (game_id bigint not null, user_id bigint not null, primary key (game_id, user_id))
Hibernate: create table lobby (id bigint generated by default as identity, created_at timestamp not null, is_private boolean not null, lobby_code varchar(255), max_players integer, max_players_per_team integer not null, mode varchar(255) not null, status varchar(255) not null, host_id bigint not null, primary key (id))
Hibernate: create table lobby_hints (lobby_id bigint not null, round_card varchar(255))
Hibernate: create table lobby_players (lobby_id bigint not null, player_id bigint not null)
Hibernate: create table round_card (id varchar(255) not null, description varchar(255), guess_type varchar(255), street_view varchar(255), time integer not null, title varchar(255) not null, owner_id bigint, primary key (id))
Hibernate: create table user (id bigint not null, created_at timestamp not null, email varchar(255) not null, password varchar(255) not null, status varchar(255) not null, token varchar(255), profile_id bigint, primary key (id))
Hibernate: create table user_profile (id bigint not null, biography varchar(255), games_played integer not null, mmr integer not null, points integer not null, stats_public boolean not null, username varchar(255) not null, wins integer not null, primary key (id))
Hibernate: create table user_profile_achievements (user_profile_id bigint not null, achievements varchar(255))
Hibernate: create table user_profile_friends (user_profile_id bigint not null, friends bigint)
Hibernate: alter table game add constraint UK_jare70vqqti665ds3b2eh7rk8 unique (name)
Hibernate: alter table user add constraint UK_ob8kqyqqgmefl0aco34akdtpe unique (email)
Hibernate: alter table user add constraint UK_mtqx5podr73c7h25y9qqu96x2 unique (token)
Hibernate: alter table action_card add constraint FK5owqor8gs2q3qgivb8f0dr7ng foreign key (owner_id) references user
Hibernate: alter table friend_request add constraint FK45s7gu2bi5veo0nt5lftvgyf7 foreign key (recipient_id) references user
Hibernate: alter table friend_request add constraint FK9rnftqmm2lmkhv4xrq8b9lp4f foreign key (sender_id) references user
Hibernate: alter table friendship add constraint FK3uos929jau1n37onhk405wbse foreign key (user1_id) references user
Hibernate: alter table friendship add constraint FKq71du22g31mjeagf9uwks6hj foreign key (user2_id) references user
Hibernate: alter table game add constraint FKo63iu0ahhk9x2ac98xxvh9bw5 foreign key (winner_id) references user
Hibernate: alter table game_players add constraint FKssdo853xlthgyiik4kjimok2c foreign key (user_id) references user
Hibernate: alter table game_players add constraint FKfjnwm25clh3tf6qwuohsmdtkj foreign key (game_id) references game
Hibernate: alter table lobby add constraint FKkkavptg9k09n2u0vckx1xkld7 foreign key (host_id) references user
Hibernate: alter table lobby_hints add constraint FKghjojy1sy6y6sovuv0jlh7vd6 foreign key (lobby_id) references lobby
Hibernate: alter table lobby_players add constraint FKrhs47sl1p5driem269heihenl foreign key (player_id) references user
Hibernate: alter table lobby_players add constraint FKn5vts70bkgke2lr6poe34dann foreign key (lobby_id) references lobby
Hibernate: alter table round_card add constraint FKbq9voo5php5008yaucf5k1rtj foreign key (owner_id) references user
Hibernate: alter table user add constraint FK5hv52mjjufrwrx302p37tq262 foreign key (profile_id) references user_profile
Hibernate: alter table user_profile_achievements add constraint FKabl7keh2kebc0s02d0ts1irkj foreign key (user_profile_id) references user_profile
Hibernate: alter table user_profile_friends add constraint FKjucexl0egjmb7g5fvjm9d7f9d foreign key (user_profile_id) references user_profile
2025-04-21 22:52:09.578  INFO 1191424 --- [    Test worker] o.h.e.t.j.p.i.JtaPlatformInitiator       : HHH000490: Using JtaPlatform implementation: [org.hibernate.engine.transaction.jta.platform.internal.NoJtaPlatform]
2025-04-21 22:52:09.586  INFO 1191424 --- [    Test worker] j.LocalContainerEntityManagerFactoryBean : Initialized JPA EntityManagerFactory for persistence unit 'default'
2025-04-21 22:52:10.089  INFO 1191424 --- [    Test worker] c.u.i.h.s.r.FriendRequestRepositoryTest  : Started FriendRequestRepositoryTest in 2.002 seconds (JVM running for 6.894)
2025-04-21 22:52:10.100  INFO 1191424 --- [    Test worker] o.s.t.c.transaction.TransactionContext   : Began transaction (1) for test context [DefaultTestContext@65209097 testClass = FriendRequestRepositoryTest, testInstance = ch.uzh.ifi.hase.soprafs24.repository.FriendRequestRepositoryTest@6f29ac2, testMethod = findBySenderOrRecipient_ReturnsAllRelatedRequests@FriendRequestRepositoryTest, testException = [null], mergedContextConfiguration = [MergedContextConfiguration@eea87c4 testClass = FriendRequestRepositoryTest, locations = '{}', classes = '{class ch.uzh.ifi.hase.soprafs24.Application}', contextInitializerClasses = '[]', activeProfiles = '{}', propertySourceLocations = '{}', propertySourceProperties = '{org.springframework.boot.test.autoconfigure.orm.jpa.DataJpaTestContextBootstrapper=true}', contextCustomizers = set[org.springframework.boot.test.autoconfigure.OverrideAutoConfigurationContextCustomizerFactory$DisableAutoConfigurationContextCustomizer@67f946c3, org.springframework.boot.test.autoconfigure.actuate.metrics.MetricsExportContextCustomizerFactory$DisableMetricExportContextCustomizer@4f664bee, org.springframework.boot.test.autoconfigure.filter.TypeExcludeFiltersContextCustomizer@351584c0, org.springframework.boot.test.autoconfigure.properties.PropertyMappingContextCustomizer@b80966a3, org.springframework.boot.test.autoconfigure.web.servlet.WebDriverContextCustomizerFactory$Customizer@37e7c4cc, [ImportsContextCustomizer@16381fd key = [org.springframework.boot.autoconfigure.cache.CacheAutoConfiguration, org.springframework.boot.autoconfigure.data.jpa.JpaRepositoriesAutoConfiguration, org.springframework.boot.autoconfigure.flyway.FlywayAutoConfiguration, org.springframework.boot.autoconfigure.jdbc.DataSourceAutoConfiguration, org.springframework.boot.autoconfigure.jdbc.DataSourceTransactionManagerAutoConfiguration, org.springframework.boot.autoconfigure.jdbc.JdbcTemplateAutoConfiguration, org.springframework.boot.autoconfigure.liquibase.LiquibaseAutoConfiguration, org.springframework.boot.autoconfigure.orm.jpa.HibernateJpaAutoConfiguration, org.springframework.boot.autoconfigure.transaction.TransactionAutoConfiguration, org.springframework.boot.test.autoconfigure.jdbc.TestDatabaseAutoConfiguration, org.springframework.boot.test.autoconfigure.orm.jpa.TestEntityManagerAutoConfiguration]], org.springframework.boot.test.context.filter.ExcludeFilterContextCustomizer@30508066, org.springframework.boot.test.json.DuplicateJsonObjectContextCustomizerFactory$DuplicateJsonObjectContextCustomizer@1bee0085, org.springframework.boot.test.mock.mockito.MockitoContextCustomizer@0, org.springframework.boot.test.context.SpringBootTestArgs@1, org.springframework.boot.test.context.SpringBootTestWebEnvironment@0], contextLoader = 'org.springframework.boot.test.context.SpringBootContextLoader', parent = [null]], attributes = map['org.springframework.test.context.event.ApplicationEventsTestExecutionListener.recordApplicationEvents' -> false]]; transaction manager [org.springframework.orm.jpa.JpaTransactionManager@584c661e]; rollback [true]
Hibernate: call next value for hibernate_sequence
Hibernate: call next value for hibernate_sequence
Hibernate: call next value for hibernate_sequence
Hibernate: call next value for hibernate_sequence
Hibernate: insert into user_profile (biography, games_played, mmr, points, stats_public, username, wins, id) values (?, ?, ?, ?, ?, ?, ?, ?)
Hibernate: insert into user (created_at, email, password, profile_id, status, token, id) values (?, ?, ?, ?, ?, ?, ?)
Hibernate: insert into user_profile (biography, games_played, mmr, points, stats_public, username, wins, id) values (?, ?, ?, ?, ?, ?, ?, ?)
Hibernate: insert into user (created_at, email, password, profile_id, status, token, id) values (?, ?, ?, ?, ?, ?, ?)
Hibernate: insert into friend_request (id, created_at, recipient_id, sender_id, status) values (null, ?, ?, ?, ?)
Hibernate: insert into friend_request (id, created_at, recipient_id, sender_id, status) values (null, ?, ?, ?, ?)
Hibernate: update friend_request set recipient_id=?, sender_id=?, status=? where id=?
Hibernate: call next value for hibernate_sequence
Hibernate: insert into user (created_at, email, password, profile_id, status, token, id) values (?, ?, ?, ?, ?, ?, ?)
Hibernate: insert into friend_request (id, created_at, recipient_id, sender_id, status) values (null, ?, ?, ?, ?)
Hibernate: select friendrequ0_.id as id1_1_, friendrequ0_.created_at as created_2_1_, friendrequ0_.recipient_id as recipien4_1_, friendrequ0_.sender_id as sender_i5_1_, friendrequ0_.status as status3_1_ from friend_request friendrequ0_ where friendrequ0_.sender_id=? or friendrequ0_.recipient_id=?
2025-04-21 22:52:10.302  INFO 1191424 --- [    Test worker] o.s.t.c.transaction.TransactionContext   : Rolled back transaction for test: [DefaultTestContext@65209097 testClass = FriendRequestRepositoryTest, testInstance = ch.uzh.ifi.hase.soprafs24.repository.FriendRequestRepositoryTest@6f29ac2, testMethod = findBySenderOrRecipient_ReturnsAllRelatedRequests@FriendRequestRepositoryTest, testException = [null], mergedContextConfiguration = [MergedContextConfiguration@eea87c4 testClass = FriendRequestRepositoryTest, locations = '{}', classes = '{class ch.uzh.ifi.hase.soprafs24.Application}', contextInitializerClasses = '[]', activeProfiles = '{}', propertySourceLocations = '{}', propertySourceProperties = '{org.springframework.boot.test.autoconfigure.orm.jpa.DataJpaTestContextBootstrapper=true}', contextCustomizers = set[org.springframework.boot.test.autoconfigure.OverrideAutoConfigurationContextCustomizerFactory$DisableAutoConfigurationContextCustomizer@67f946c3, org.springframework.boot.test.autoconfigure.actuate.metrics.MetricsExportContextCustomizerFactory$DisableMetricExportContextCustomizer@4f664bee, org.springframework.boot.test.autoconfigure.filter.TypeExcludeFiltersContextCustomizer@351584c0, org.springframework.boot.test.autoconfigure.properties.PropertyMappingContextCustomizer@b80966a3, org.springframework.boot.test.autoconfigure.web.servlet.WebDriverContextCustomizerFactory$Customizer@37e7c4cc, [ImportsContextCustomizer@16381fd key = [org.springframework.boot.autoconfigure.cache.CacheAutoConfiguration, org.springframework.boot.autoconfigure.data.jpa.JpaRepositoriesAutoConfiguration, org.springframework.boot.autoconfigure.flyway.FlywayAutoConfiguration, org.springframework.boot.autoconfigure.jdbc.DataSourceAutoConfiguration, org.springframework.boot.autoconfigure.jdbc.DataSourceTransactionManagerAutoConfiguration, org.springframework.boot.autoconfigure.jdbc.JdbcTemplateAutoConfiguration, org.springframework.boot.autoconfigure.liquibase.LiquibaseAutoConfiguration, org.springframework.boot.autoconfigure.orm.jpa.HibernateJpaAutoConfiguration, org.springframework.boot.autoconfigure.transaction.TransactionAutoConfiguration, org.springframework.boot.test.autoconfigure.jdbc.TestDatabaseAutoConfiguration, org.springframework.boot.test.autoconfigure.orm.jpa.TestEntityManagerAutoConfiguration]], org.springframework.boot.test.context.filter.ExcludeFilterContextCustomizer@30508066, org.springframework.boot.test.json.DuplicateJsonObjectContextCustomizerFactory$DuplicateJsonObjectContextCustomizer@1bee0085, org.springframework.boot.test.mock.mockito.MockitoContextCustomizer@0, org.springframework.boot.test.context.SpringBootTestArgs@1, org.springframework.boot.test.context.SpringBootTestWebEnvironment@0], contextLoader = 'org.springframework.boot.test.context.SpringBootContextLoader', parent = [null]], attributes = map['org.springframework.test.context.event.ApplicationEventsTestExecutionListener.recordApplicationEvents' -> false]]
2025-04-21 22:52:10.307  INFO 1191424 --- [    Test worker] o.s.t.c.transaction.TransactionContext   : Began transaction (1) for test context [DefaultTestContext@65209097 testClass = FriendRequestRepositoryTest, testInstance = ch.uzh.ifi.hase.soprafs24.repository.FriendRequestRepositoryTest@62386752, testMethod = findBySender_ReturnsAllSentRequests@FriendRequestRepositoryTest, testException = [null], mergedContextConfiguration = [MergedContextConfiguration@eea87c4 testClass = FriendRequestRepositoryTest, locations = '{}', classes = '{class ch.uzh.ifi.hase.soprafs24.Application}', contextInitializerClasses = '[]', activeProfiles = '{}', propertySourceLocations = '{}', propertySourceProperties = '{org.springframework.boot.test.autoconfigure.orm.jpa.DataJpaTestContextBootstrapper=true}', contextCustomizers = set[org.springframework.boot.test.autoconfigure.OverrideAutoConfigurationContextCustomizerFactory$DisableAutoConfigurationContextCustomizer@67f946c3, org.springframework.boot.test.autoconfigure.actuate.metrics.MetricsExportContextCustomizerFactory$DisableMetricExportContextCustomizer@4f664bee, org.springframework.boot.test.autoconfigure.filter.TypeExcludeFiltersContextCustomizer@351584c0, org.springframework.boot.test.autoconfigure.properties.PropertyMappingContextCustomizer@b80966a3, org.springframework.boot.test.autoconfigure.web.servlet.WebDriverContextCustomizerFactory$Customizer@37e7c4cc, [ImportsContextCustomizer@16381fd key = [org.springframework.boot.autoconfigure.cache.CacheAutoConfiguration, org.springframework.boot.autoconfigure.data.jpa.JpaRepositoriesAutoConfiguration, org.springframework.boot.autoconfigure.flyway.FlywayAutoConfiguration, org.springframework.boot.autoconfigure.jdbc.DataSourceAutoConfiguration, org.springframework.boot.autoconfigure.jdbc.DataSourceTransactionManagerAutoConfiguration, org.springframework.boot.autoconfigure.jdbc.JdbcTemplateAutoConfiguration, org.springframework.boot.autoconfigure.liquibase.LiquibaseAutoConfiguration, org.springframework.boot.autoconfigure.orm.jpa.HibernateJpaAutoConfiguration, org.springframework.boot.autoconfigure.transaction.TransactionAutoConfiguration, org.springframework.boot.test.autoconfigure.jdbc.TestDatabaseAutoConfiguration, org.springframework.boot.test.autoconfigure.orm.jpa.TestEntityManagerAutoConfiguration]], org.springframework.boot.test.context.filter.ExcludeFilterContextCustomizer@30508066, org.springframework.boot.test.json.DuplicateJsonObjectContextCustomizerFactory$DuplicateJsonObjectContextCustomizer@1bee0085, org.springframework.boot.test.mock.mockito.MockitoContextCustomizer@0, org.springframework.boot.test.context.SpringBootTestArgs@1, org.springframework.boot.test.context.SpringBootTestWebEnvironment@0], contextLoader = 'org.springframework.boot.test.context.SpringBootContextLoader', parent = [null]], attributes = map['org.springframework.test.context.event.ApplicationEventsTestExecutionListener.recordApplicationEvents' -> false]]; transaction manager [org.springframework.orm.jpa.JpaTransactionManager@584c661e]; rollback [true]
Hibernate: call next value for hibernate_sequence
Hibernate: call next value for hibernate_sequence
Hibernate: call next value for hibernate_sequence
Hibernate: call next value for hibernate_sequence
Hibernate: insert into user_profile (biography, games_played, mmr, points, stats_public, username, wins, id) values (?, ?, ?, ?, ?, ?, ?, ?)
Hibernate: insert into user (created_at, email, password, profile_id, status, token, id) values (?, ?, ?, ?, ?, ?, ?)
Hibernate: insert into user_profile (biography, games_played, mmr, points, stats_public, username, wins, id) values (?, ?, ?, ?, ?, ?, ?, ?)
Hibernate: insert into user (created_at, email, password, profile_id, status, token, id) values (?, ?, ?, ?, ?, ?, ?)
Hibernate: insert into friend_request (id, created_at, recipient_id, sender_id, status) values (null, ?, ?, ?, ?)
Hibernate: insert into friend_request (id, created_at, recipient_id, sender_id, status) values (null, ?, ?, ?, ?)
Hibernate: update friend_request set recipient_id=?, sender_id=?, status=? where id=?
Hibernate: select friendrequ0_.id as id1_1_, friendrequ0_.created_at as created_2_1_, friendrequ0_.recipient_id as recipien4_1_, friendrequ0_.sender_id as sender_i5_1_, friendrequ0_.status as status3_1_ from friend_request friendrequ0_ where friendrequ0_.sender_id=?
2025-04-21 22:52:10.336  INFO 1191424 --- [    Test worker] o.s.t.c.transaction.TransactionContext   : Rolled back transaction for test: [DefaultTestContext@65209097 testClass = FriendRequestRepositoryTest, testInstance = ch.uzh.ifi.hase.soprafs24.repository.FriendRequestRepositoryTest@62386752, testMethod = findBySender_ReturnsAllSentRequests@FriendRequestRepositoryTest, testException = [null], mergedContextConfiguration = [MergedContextConfiguration@eea87c4 testClass = FriendRequestRepositoryTest, locations = '{}', classes = '{class ch.uzh.ifi.hase.soprafs24.Application}', contextInitializerClasses = '[]', activeProfiles = '{}', propertySourceLocations = '{}', propertySourceProperties = '{org.springframework.boot.test.autoconfigure.orm.jpa.DataJpaTestContextBootstrapper=true}', contextCustomizers = set[org.springframework.boot.test.autoconfigure.OverrideAutoConfigurationContextCustomizerFactory$DisableAutoConfigurationContextCustomizer@67f946c3, org.springframework.boot.test.autoconfigure.actuate.metrics.MetricsExportContextCustomizerFactory$DisableMetricExportContextCustomizer@4f664bee, org.springframework.boot.test.autoconfigure.filter.TypeExcludeFiltersContextCustomizer@351584c0, org.springframework.boot.test.autoconfigure.properties.PropertyMappingContextCustomizer@b80966a3, org.springframework.boot.test.autoconfigure.web.servlet.WebDriverContextCustomizerFactory$Customizer@37e7c4cc, [ImportsContextCustomizer@16381fd key = [org.springframework.boot.autoconfigure.cache.CacheAutoConfiguration, org.springframework.boot.autoconfigure.data.jpa.JpaRepositoriesAutoConfiguration, org.springframework.boot.autoconfigure.flyway.FlywayAutoConfiguration, org.springframework.boot.autoconfigure.jdbc.DataSourceAutoConfiguration, org.springframework.boot.autoconfigure.jdbc.DataSourceTransactionManagerAutoConfiguration, org.springframework.boot.autoconfigure.jdbc.JdbcTemplateAutoConfiguration, org.springframework.boot.autoconfigure.liquibase.LiquibaseAutoConfiguration, org.springframework.boot.autoconfigure.orm.jpa.HibernateJpaAutoConfiguration, org.springframework.boot.autoconfigure.transaction.TransactionAutoConfiguration, org.springframework.boot.test.autoconfigure.jdbc.TestDatabaseAutoConfiguration, org.springframework.boot.test.autoconfigure.orm.jpa.TestEntityManagerAutoConfiguration]], org.springframework.boot.test.context.filter.ExcludeFilterContextCustomizer@30508066, org.springframework.boot.test.json.DuplicateJsonObjectContextCustomizerFactory$DuplicateJsonObjectContextCustomizer@1bee0085, org.springframework.boot.test.mock.mockito.MockitoContextCustomizer@0, org.springframework.boot.test.context.SpringBootTestArgs@1, org.springframework.boot.test.context.SpringBootTestWebEnvironment@0], contextLoader = 'org.springframework.boot.test.context.SpringBootContextLoader', parent = [null]], attributes = map['org.springframework.test.context.event.ApplicationEventsTestExecutionListener.recordApplicationEvents' -> false]]
2025-04-21 22:52:10.340  INFO 1191424 --- [    Test worker] o.s.t.c.transaction.TransactionContext   : Began transaction (1) for test context [DefaultTestContext@65209097 testClass = FriendRequestRepositoryTest, testInstance = ch.uzh.ifi.hase.soprafs24.repository.FriendRequestRepositoryTest@5ec52444, testMethod = findByRecipientAndStatus_ReturnsPendingRequestsOnly@FriendRequestRepositoryTest, testException = [null], mergedContextConfiguration = [MergedContextConfiguration@eea87c4 testClass = FriendRequestRepositoryTest, locations = '{}', classes = '{class ch.uzh.ifi.hase.soprafs24.Application}', contextInitializerClasses = '[]', activeProfiles = '{}', propertySourceLocations = '{}', propertySourceProperties = '{org.springframework.boot.test.autoconfigure.orm.jpa.DataJpaTestContextBootstrapper=true}', contextCustomizers = set[org.springframework.boot.test.autoconfigure.OverrideAutoConfigurationContextCustomizerFactory$DisableAutoConfigurationContextCustomizer@67f946c3, org.springframework.boot.test.autoconfigure.actuate.metrics.MetricsExportContextCustomizerFactory$DisableMetricExportContextCustomizer@4f664bee, org.springframework.boot.test.autoconfigure.filter.TypeExcludeFiltersContextCustomizer@351584c0, org.springframework.boot.test.autoconfigure.properties.PropertyMappingContextCustomizer@b80966a3, org.springframework.boot.test.autoconfigure.web.servlet.WebDriverContextCustomizerFactory$Customizer@37e7c4cc, [ImportsContextCustomizer@16381fd key = [org.springframework.boot.autoconfigure.cache.CacheAutoConfiguration, org.springframework.boot.autoconfigure.data.jpa.JpaRepositoriesAutoConfiguration, org.springframework.boot.autoconfigure.flyway.FlywayAutoConfiguration, org.springframework.boot.autoconfigure.jdbc.DataSourceAutoConfiguration, org.springframework.boot.autoconfigure.jdbc.DataSourceTransactionManagerAutoConfiguration, org.springframework.boot.autoconfigure.jdbc.JdbcTemplateAutoConfiguration, org.springframework.boot.autoconfigure.liquibase.LiquibaseAutoConfiguration, org.springframework.boot.autoconfigure.orm.jpa.HibernateJpaAutoConfiguration, org.springframework.boot.autoconfigure.transaction.TransactionAutoConfiguration, org.springframework.boot.test.autoconfigure.jdbc.TestDatabaseAutoConfiguration, org.springframework.boot.test.autoconfigure.orm.jpa.TestEntityManagerAutoConfiguration]], org.springframework.boot.test.context.filter.ExcludeFilterContextCustomizer@30508066, org.springframework.boot.test.json.DuplicateJsonObjectContextCustomizerFactory$DuplicateJsonObjectContextCustomizer@1bee0085, org.springframework.boot.test.mock.mockito.MockitoContextCustomizer@0, org.springframework.boot.test.context.SpringBootTestArgs@1, org.springframework.boot.test.context.SpringBootTestWebEnvironment@0], contextLoader = 'org.springframework.boot.test.context.SpringBootContextLoader', parent = [null]], attributes = map['org.springframework.test.context.event.ApplicationEventsTestExecutionListener.recordApplicationEvents' -> false]]; transaction manager [org.springframework.orm.jpa.JpaTransactionManager@584c661e]; rollback [true]
Hibernate: call next value for hibernate_sequence
Hibernate: call next value for hibernate_sequence
Hibernate: call next value for hibernate_sequence
Hibernate: call next value for hibernate_sequence
Hibernate: insert into user_profile (biography, games_played, mmr, points, stats_public, username, wins, id) values (?, ?, ?, ?, ?, ?, ?, ?)
Hibernate: insert into user (created_at, email, password, profile_id, status, token, id) values (?, ?, ?, ?, ?, ?, ?)
Hibernate: insert into user_profile (biography, games_played, mmr, points, stats_public, username, wins, id) values (?, ?, ?, ?, ?, ?, ?, ?)
Hibernate: insert into user (created_at, email, password, profile_id, status, token, id) values (?, ?, ?, ?, ?, ?, ?)
Hibernate: insert into friend_request (id, created_at, recipient_id, sender_id, status) values (null, ?, ?, ?, ?)
Hibernate: insert into friend_request (id, created_at, recipient_id, sender_id, status) values (null, ?, ?, ?, ?)
Hibernate: update friend_request set recipient_id=?, sender_id=?, status=? where id=?
Hibernate: select friendrequ0_.id as id1_1_, friendrequ0_.created_at as created_2_1_, friendrequ0_.recipient_id as recipien4_1_, friendrequ0_.sender_id as sender_i5_1_, friendrequ0_.status as status3_1_ from friend_request friendrequ0_
Hibernate: select friendrequ0_.id as id1_1_, friendrequ0_.created_at as created_2_1_, friendrequ0_.recipient_id as recipien4_1_, friendrequ0_.sender_id as sender_i5_1_, friendrequ0_.status as status3_1_ from friend_request friendrequ0_ where friendrequ0_.recipient_id=? and friendrequ0_.status=?
2025-04-21 22:52:10.370  INFO 1191424 --- [    Test worker] o.s.t.c.transaction.TransactionContext   : Rolled back transaction for test: [DefaultTestContext@65209097 testClass = FriendRequestRepositoryTest, testInstance = ch.uzh.ifi.hase.soprafs24.repository.FriendRequestRepositoryTest@5ec52444, testMethod = findByRecipientAndStatus_ReturnsPendingRequestsOnly@FriendRequestRepositoryTest, testException = [null], mergedContextConfiguration = [MergedContextConfiguration@eea87c4 testClass = FriendRequestRepositoryTest, locations = '{}', classes = '{class ch.uzh.ifi.hase.soprafs24.Application}', contextInitializerClasses = '[]', activeProfiles = '{}', propertySourceLocations = '{}', propertySourceProperties = '{org.springframework.boot.test.autoconfigure.orm.jpa.DataJpaTestContextBootstrapper=true}', contextCustomizers = set[org.springframework.boot.test.autoconfigure.OverrideAutoConfigurationContextCustomizerFactory$DisableAutoConfigurationContextCustomizer@67f946c3, org.springframework.boot.test.autoconfigure.actuate.metrics.MetricsExportContextCustomizerFactory$DisableMetricExportContextCustomizer@4f664bee, org.springframework.boot.test.autoconfigure.filter.TypeExcludeFiltersContextCustomizer@351584c0, org.springframework.boot.test.autoconfigure.properties.PropertyMappingContextCustomizer@b80966a3, org.springframework.boot.test.autoconfigure.web.servlet.WebDriverContextCustomizerFactory$Customizer@37e7c4cc, [ImportsContextCustomizer@16381fd key = [org.springframework.boot.autoconfigure.cache.CacheAutoConfiguration, org.springframework.boot.autoconfigure.data.jpa.JpaRepositoriesAutoConfiguration, org.springframework.boot.autoconfigure.flyway.FlywayAutoConfiguration, org.springframework.boot.autoconfigure.jdbc.DataSourceAutoConfiguration, org.springframework.boot.autoconfigure.jdbc.DataSourceTransactionManagerAutoConfiguration, org.springframework.boot.autoconfigure.jdbc.JdbcTemplateAutoConfiguration, org.springframework.boot.autoconfigure.liquibase.LiquibaseAutoConfiguration, org.springframework.boot.autoconfigure.orm.jpa.HibernateJpaAutoConfiguration, org.springframework.boot.autoconfigure.transaction.TransactionAutoConfiguration, org.springframework.boot.test.autoconfigure.jdbc.TestDatabaseAutoConfiguration, org.springframework.boot.test.autoconfigure.orm.jpa.TestEntityManagerAutoConfiguration]], org.springframework.boot.test.context.filter.ExcludeFilterContextCustomizer@30508066, org.springframework.boot.test.json.DuplicateJsonObjectContextCustomizerFactory$DuplicateJsonObjectContextCustomizer@1bee0085, org.springframework.boot.test.mock.mockito.MockitoContextCustomizer@0, org.springframework.boot.test.context.SpringBootTestArgs@1, org.springframework.boot.test.context.SpringBootTestWebEnvironment@0], contextLoader = 'org.springframework.boot.test.context.SpringBootContextLoader', parent = [null]], attributes = map['org.springframework.test.context.event.ApplicationEventsTestExecutionListener.recordApplicationEvents' -> false]]
]]></system-out>
  <system-err><![CDATA[]]></system-err>
</testsuite>
