<?xml version="1.0" encoding="UTF-8"?>
<testsuite name="ch.uzh.ifi.hase.soprafs24.util.TokenUtilsTest" tests="6" skipped="0" failures="0" errors="0" timestamp="2025-04-21T20:52:14" hostname="Daria-XPS" time="0.004">
  <properties/>
  <testcase name="testFormatWithBearer_alreadyHasBearer()" classname="ch.uzh.ifi.hase.soprafs24.util.TokenUtilsTest" time="0.001"/>
  <testcase name="testExtractToken_null()" classname="ch.uzh.ifi.hase.soprafs24.util.TokenUtilsTest" time="0.0"/>
  <testcase name="testFormatWithBearer_null()" classname="ch.uzh.ifi.hase.soprafs24.util.TokenUtilsTest" time="0.0"/>
  <testcase name="testExtractToken_withoutBearer()" classname="ch.uzh.ifi.hase.soprafs24.util.TokenUtilsTest" time="0.0"/>
  <testcase name="testExtractToken_withBearer()" classname="ch.uzh.ifi.hase.soprafs24.util.TokenUtilsTest" time="0.0"/>
  <testcase name="testFormatWithBearer_rawToken()" classname="ch.uzh.ifi.hase.soprafs24.util.TokenUtilsTest" time="0.001"/>
  <system-out><![CDATA[]]></system-out>
  <system-err><![CDATA[]]></system-err>
</testsuite>
