<?xml version="1.0" encoding="UTF-8"?>
<testsuite name="ch.uzh.ifi.hase.soprafs24.service.UserServiceIntegrationTest" tests="2" skipped="0" failures="0" errors="0" timestamp="2025-04-21T20:52:14" hostname="Daria-XPS" time="0.066">
  <properties/>
  <testcase name="updateMyUser_duplicateUsername_throwsException()" classname="ch.uzh.ifi.hase.soprafs24.service.UserServiceIntegrationTest" time="0.04"/>
  <testcase name="updateMyUser_validInputs_success()" classname="ch.uzh.ifi.hase.soprafs24.service.UserServiceIntegrationTest" time="0.025"/>
  <system-out><![CDATA[2025-04-21 22:52:14.402  INFO 1191424 --- [    Test worker] .b.t.c.SpringBootTestContextBootstrapper : Neither @ContextConfiguration nor @ContextHierarchy found for test class [ch.uzh.ifi.hase.soprafs24.service.UserServiceIntegrationTest], using SpringBootContextLoader
2025-04-21 22:52:14.402  INFO 1191424 --- [    Test worker] o.s.t.c.support.AbstractContextLoader    : Could not detect default resource locations for test class [ch.uzh.ifi.hase.soprafs24.service.UserServiceIntegrationTest]: no resource found for suffixes {-context.xml, Context.groovy}.
2025-04-21 22:52:14.402  INFO 1191424 --- [    Test worker] t.c.s.AnnotationConfigContextLoaderUtils : Could not detect default configuration classes for test class [ch.uzh.ifi.hase.soprafs24.service.UserServiceIntegrationTest]: UserServiceIntegrationTest does not declare any static, non-private, non-final, nested classes annotated with @Configuration.
2025-04-21 22:52:14.403  INFO 1191424 --- [    Test worker] .b.t.c.SpringBootTestContextBootstrapper : Found @SpringBootConfiguration ch.uzh.ifi.hase.soprafs24.Application for test class ch.uzh.ifi.hase.soprafs24.service.UserServiceIntegrationTest
2025-04-21 22:52:14.404  INFO 1191424 --- [    Test worker] .b.t.c.SpringBootTestContextBootstrapper : Loaded default TestExecutionListener class names from location [META-INF/spring.factories]: [org.springframework.boot.test.autoconfigure.restdocs.RestDocsTestExecutionListener, org.springframework.boot.test.autoconfigure.web.client.MockRestServiceServerResetTestExecutionListener, org.springframework.boot.test.autoconfigure.web.servlet.MockMvcPrintOnlyOnFailureTestExecutionListener, org.springframework.boot.test.autoconfigure.web.servlet.WebDriverTestExecutionListener, org.springframework.boot.test.autoconfigure.webservices.client.MockWebServiceServerTestExecutionListener, org.springframework.boot.test.mock.mockito.MockitoTestExecutionListener, org.springframework.boot.test.mock.mockito.ResetMocksTestExecutionListener, org.springframework.test.context.web.ServletTestExecutionListener, org.springframework.test.context.support.DirtiesContextBeforeModesTestExecutionListener, org.springframework.test.context.event.ApplicationEventsTestExecutionListener, org.springframework.test.context.support.DependencyInjectionTestExecutionListener, org.springframework.test.context.support.DirtiesContextTestExecutionListener, org.springframework.test.context.transaction.TransactionalTestExecutionListener, org.springframework.test.context.jdbc.SqlScriptsTestExecutionListener, org.springframework.test.context.event.EventPublishingTestExecutionListener]
2025-04-21 22:52:14.404  INFO 1191424 --- [    Test worker] .b.t.c.SpringBootTestContextBootstrapper : Using TestExecutionListeners: [org.springframework.test.context.web.ServletTestExecutionListener@3335ff94, org.springframework.test.context.support.DirtiesContextBeforeModesTestExecutionListener@627903e0, org.springframework.test.context.event.ApplicationEventsTestExecutionListener@773bfc34, org.springframework.boot.test.mock.mockito.MockitoTestExecutionListener@55310225, org.springframework.boot.test.autoconfigure.SpringBootDependencyInjectionTestExecutionListener@49649e48, org.springframework.test.context.support.DirtiesContextTestExecutionListener@63a8e287, org.springframework.test.context.transaction.TransactionalTestExecutionListener@4b5a689a, org.springframework.test.context.jdbc.SqlScriptsTestExecutionListener@16a76bfe, org.springframework.test.context.event.EventPublishingTestExecutionListener@7bdc31bc, org.springframework.boot.test.autoconfigure.restdocs.RestDocsTestExecutionListener@5f44589a, org.springframework.boot.test.autoconfigure.web.client.MockRestServiceServerResetTestExecutionListener@47c2f550, org.springframework.boot.test.autoconfigure.web.servlet.MockMvcPrintOnlyOnFailureTestExecutionListener@6a978ecd, org.springframework.boot.test.autoconfigure.web.servlet.WebDriverTestExecutionListener@705c03f2, org.springframework.boot.test.autoconfigure.webservices.client.MockWebServiceServerTestExecutionListener@da115eb, org.springframework.boot.test.mock.mockito.ResetMocksTestExecutionListener@5d19197a]
]]></system-out>
  <system-err><![CDATA[]]></system-err>
</testsuite>
