<?xml version="1.0" encoding="UTF-8"?>
<testsuite name="ch.uzh.ifi.hase.soprafs24.controller.UserControllerTest" tests="4" skipped="0" failures="0" errors="0" timestamp="2025-04-21T20:52:08" hostname="Daria-XPS" time="0.048">
  <properties/>
  <testcase name="getPublicProfile_validId_returnsUserPublicDTO()" classname="ch.uzh.ifi.hase.soprafs24.controller.UserControllerTest" time="0.018"/>
  <testcase name="searchUsers_validEmail_returnsFoundUser()" classname="ch.uzh.ifi.hase.soprafs24.controller.UserControllerTest" time="0.011"/>
  <testcase name="deleteMyAccount_validInput_deletesUserAccount()" classname="ch.uzh.ifi.hase.soprafs24.controller.UserControllerTest" time="0.007"/>
  <testcase name="updateMyProfile_validInput_returnsUpdatedUser()" classname="ch.uzh.ifi.hase.soprafs24.controller.UserControllerTest" time="0.009"/>
  <system-out><![CDATA[2025-04-21 22:52:07.708  INFO 1191424 --- [    Test worker] .b.t.a.w.s.WebMvcTestContextBootstrapper : Neither @ContextConfiguration nor @ContextHierarchy found for test class [ch.uzh.ifi.hase.soprafs24.controller.UserControllerTest], using SpringBootContextLoader
2025-04-21 22:52:07.709  INFO 1191424 --- [    Test worker] o.s.t.c.support.AbstractContextLoader    : Could not detect default resource locations for test class [ch.uzh.ifi.hase.soprafs24.controller.UserControllerTest]: no resource found for suffixes {-context.xml, Context.groovy}.
2025-04-21 22:52:07.709  INFO 1191424 --- [    Test worker] t.c.s.AnnotationConfigContextLoaderUtils : Could not detect default configuration classes for test class [ch.uzh.ifi.hase.soprafs24.controller.UserControllerTest]: UserControllerTest does not declare any static, non-private, non-final, nested classes annotated with @Configuration.
2025-04-21 22:52:07.712  INFO 1191424 --- [    Test worker] .b.t.c.SpringBootTestContextBootstrapper : Found @SpringBootConfiguration ch.uzh.ifi.hase.soprafs24.Application for test class ch.uzh.ifi.hase.soprafs24.controller.UserControllerTest
2025-04-21 22:52:07.712  INFO 1191424 --- [    Test worker] .b.t.a.w.s.WebMvcTestContextBootstrapper : Loaded default TestExecutionListener class names from location [META-INF/spring.factories]: [org.springframework.boot.test.autoconfigure.restdocs.RestDocsTestExecutionListener, org.springframework.boot.test.autoconfigure.web.client.MockRestServiceServerResetTestExecutionListener, org.springframework.boot.test.autoconfigure.web.servlet.MockMvcPrintOnlyOnFailureTestExecutionListener, org.springframework.boot.test.autoconfigure.web.servlet.WebDriverTestExecutionListener, org.springframework.boot.test.autoconfigure.webservices.client.MockWebServiceServerTestExecutionListener, org.springframework.boot.test.mock.mockito.MockitoTestExecutionListener, org.springframework.boot.test.mock.mockito.ResetMocksTestExecutionListener, org.springframework.test.context.web.ServletTestExecutionListener, org.springframework.test.context.support.DirtiesContextBeforeModesTestExecutionListener, org.springframework.test.context.event.ApplicationEventsTestExecutionListener, org.springframework.test.context.support.DependencyInjectionTestExecutionListener, org.springframework.test.context.support.DirtiesContextTestExecutionListener, org.springframework.test.context.transaction.TransactionalTestExecutionListener, org.springframework.test.context.jdbc.SqlScriptsTestExecutionListener, org.springframework.test.context.event.EventPublishingTestExecutionListener]
2025-04-21 22:52:07.713  INFO 1191424 --- [    Test worker] .b.t.a.w.s.WebMvcTestContextBootstrapper : Using TestExecutionListeners: [org.springframework.test.context.web.ServletTestExecutionListener@c2cc406, org.springframework.test.context.support.DirtiesContextBeforeModesTestExecutionListener@77c77a64, org.springframework.test.context.event.ApplicationEventsTestExecutionListener@664c6bbc, org.springframework.boot.test.mock.mockito.MockitoTestExecutionListener@442545ab, org.springframework.boot.test.autoconfigure.SpringBootDependencyInjectionTestExecutionListener@2ec3b5dd, org.springframework.test.context.support.DirtiesContextTestExecutionListener@629bee3b, org.springframework.test.context.transaction.TransactionalTestExecutionListener@678f685f, org.springframework.test.context.jdbc.SqlScriptsTestExecutionListener@9e96118, org.springframework.test.context.event.EventPublishingTestExecutionListener@3a3740a5, org.springframework.boot.test.autoconfigure.restdocs.RestDocsTestExecutionListener@7e09bee, org.springframework.boot.test.autoconfigure.web.client.MockRestServiceServerResetTestExecutionListener@1bb1c6dd, org.springframework.boot.test.autoconfigure.web.servlet.MockMvcPrintOnlyOnFailureTestExecutionListener@59929512, org.springframework.boot.test.autoconfigure.web.servlet.WebDriverTestExecutionListener@5920c4ed, org.springframework.boot.test.autoconfigure.webservices.client.MockWebServiceServerTestExecutionListener@5a1c0bcc, org.springframework.boot.test.mock.mockito.ResetMocksTestExecutionListener@4f8eb97c]

  .   ____          _            __ _ _
 /\\ / ___'_ __ _ _(_)_ __  __ _ \ \ \ \
( ( )\___ | '_ | '_| | '_ \/ _` | \ \ \ \
 \\/  ___)| |_)| | | | | || (_| |  ) ) ) )
  '  |____| .__|_| |_|_| |_\__, | / / / /
 =========|_|==============|___/=/_/_/_/
 :: Spring Boot ::               (v2.4.13)

2025-04-21 22:52:07.733  INFO 1191424 --- [    Test worker] c.u.i.h.s.controller.UserControllerTest  : Starting UserControllerTest using Java 17.0.13 on Daria-XPS with PID 1191424 (started by dariast in /home/dariast/SoPra/sopra-fs25-group-15-server)
2025-04-21 22:52:07.734  INFO 1191424 --- [    Test worker] c.u.i.h.s.controller.UserControllerTest  : No active profile set, falling back to default profiles: default
2025-04-21 22:52:08.015  INFO 1191424 --- [    Test worker] o.s.b.t.m.w.SpringBootMockServletContext : Initializing Spring TestDispatcherServlet ''
2025-04-21 22:52:08.015  INFO 1191424 --- [    Test worker] o.s.t.web.servlet.TestDispatcherServlet  : Initializing Servlet ''
2025-04-21 22:52:08.016  INFO 1191424 --- [    Test worker] o.s.t.web.servlet.TestDispatcherServlet  : Completed initialization in 1 ms
2025-04-21 22:52:08.022  INFO 1191424 --- [    Test worker] c.u.i.h.s.controller.UserControllerTest  : Started UserControllerTest in 0.307 seconds (JVM running for 4.828)
]]></system-out>
  <system-err><![CDATA[]]></system-err>
</testsuite>
